This is pdfTeX, Version 3.14159265-2.6-1.40.19 (TeX Live 2018) (preloaded format=pdflatex 2018.7.18)  10 NOV 2018 18:18
entering extended mode
 restricted \write18 enabled.
 %&-line parsing enabled.
**exam-notes.tex
(./exam-notes.tex
LaTeX2e <2018-04-01> patch level 2
Babel <3.18> and hyphenation patterns for 84 language(s) loaded.
(/usr/local/texlive/2018/texmf-dist/tex/latex/base/article.cls
Document Class: article 2014/09/29 v1.4h Standard LaTeX document class
(/usr/local/texlive/2018/texmf-dist/tex/latex/base/size10.clo
File: size10.clo 2014/09/29 v1.4h Standard LaTeX file (size option)
)
\c@part=\count80
\c@section=\count81
\c@subsection=\count82
\c@subsubsection=\count83
\c@paragraph=\count84
\c@subparagraph=\count85
\c@figure=\count86
\c@table=\count87
\abovecaptionskip=\skip41
\belowcaptionskip=\skip42
\bibindent=\dimen102
)
(/usr/local/texlive/2018/texmf-dist/tex/latex/amsmath/amsmath.sty
Package: amsmath 2017/09/02 v2.17a AMS math features
\@mathmargin=\skip43

For additional information on amsmath, use the `?' option.
(/usr/local/texlive/2018/texmf-dist/tex/latex/amsmath/amstext.sty
Package: amstext 2000/06/29 v2.01 AMS text

(/usr/local/texlive/2018/texmf-dist/tex/latex/amsmath/amsgen.sty
File: amsgen.sty 1999/11/30 v2.0 generic functions
\@emptytoks=\toks14
\ex@=\dimen103
))
(/usr/local/texlive/2018/texmf-dist/tex/latex/amsmath/amsbsy.sty
Package: amsbsy 1999/11/29 v1.2d Bold Symbols
\pmbraise@=\dimen104
)
(/usr/local/texlive/2018/texmf-dist/tex/latex/amsmath/amsopn.sty
Package: amsopn 2016/03/08 v2.02 operator names
)
\inf@bad=\count88
LaTeX Info: Redefining \frac on input line 213.
\uproot@=\count89
\leftroot@=\count90
LaTeX Info: Redefining \overline on input line 375.
\classnum@=\count91
\DOTSCASE@=\count92
LaTeX Info: Redefining \ldots on input line 472.
LaTeX Info: Redefining \dots on input line 475.
LaTeX Info: Redefining \cdots on input line 596.
\Mathstrutbox@=\box26
\strutbox@=\box27
\big@size=\dimen105
LaTeX Font Info:    Redeclaring font encoding OML on input line 712.
LaTeX Font Info:    Redeclaring font encoding OMS on input line 713.
\macc@depth=\count93
\c@MaxMatrixCols=\count94
\dotsspace@=\muskip10
\c@parentequation=\count95
\dspbrk@lvl=\count96
\tag@help=\toks15
\row@=\count97
\column@=\count98
\maxfields@=\count99
\andhelp@=\toks16
\eqnshift@=\dimen106
\alignsep@=\dimen107
\tagshift@=\dimen108
\tagwidth@=\dimen109
\totwidth@=\dimen110
\lineht@=\dimen111
\@envbody=\toks17
\multlinegap=\skip44
\multlinetaggap=\skip45
\mathdisplay@stack=\toks18
LaTeX Info: Redefining \[ on input line 2817.
LaTeX Info: Redefining \] on input line 2818.
)
(/usr/local/texlive/2018/texmf-dist/tex/latex/amsfonts/amsfonts.sty
Package: amsfonts 2013/01/14 v3.01 Basic AMSFonts support
\symAMSa=\mathgroup4
\symAMSb=\mathgroup5
LaTeX Font Info:    Overwriting math alphabet `\mathfrak' in version `bold'
(Font)                  U/euf/m/n --> U/euf/b/n on input line 106.
)
(/usr/local/texlive/2018/texmf-dist/tex/latex/amsfonts/amssymb.sty
Package: amssymb 2013/01/14 v3.01 AMS font symbols
)
(/usr/local/texlive/2018/texmf-dist/tex/latex/graphics/graphicx.sty
Package: graphicx 2017/06/01 v1.1a Enhanced LaTeX Graphics (DPC,SPQR)

(/usr/local/texlive/2018/texmf-dist/tex/latex/graphics/keyval.sty
Package: keyval 2014/10/28 v1.15 key=value parser (DPC)
\KV@toks@=\toks19
)
(/usr/local/texlive/2018/texmf-dist/tex/latex/graphics/graphics.sty
Package: graphics 2017/06/25 v1.2c Standard LaTeX Graphics (DPC,SPQR)

(/usr/local/texlive/2018/texmf-dist/tex/latex/graphics/trig.sty
Package: trig 2016/01/03 v1.10 sin cos tan (DPC)
)
(/usr/local/texlive/2018/texmf-dist/tex/latex/graphics-cfg/graphics.cfg
File: graphics.cfg 2016/06/04 v1.11 sample graphics configuration
)
Package graphics Info: Driver file: pdftex.def on input line 99.

(/usr/local/texlive/2018/texmf-dist/tex/latex/graphics-def/pdftex.def
File: pdftex.def 2018/01/08 v1.0l Graphics/color driver for pdftex
))
\Gin@req@height=\dimen112
\Gin@req@width=\dimen113
)
(/usr/local/texlive/2018/texmf-dist/tex/latex/mathtools/mathtools.sty
Package: mathtools 2018/01/08 v1.21 mathematical typesetting tools

(/usr/local/texlive/2018/texmf-dist/tex/latex/tools/calc.sty
Package: calc 2017/05/25 v4.3 Infix arithmetic (KKT,FJ)
\calc@Acount=\count100
\calc@Bcount=\count101
\calc@Adimen=\dimen114
\calc@Bdimen=\dimen115
\calc@Askip=\skip46
\calc@Bskip=\skip47
LaTeX Info: Redefining \setlength on input line 80.
LaTeX Info: Redefining \addtolength on input line 81.
\calc@Ccount=\count102
\calc@Cskip=\skip48
)
(/usr/local/texlive/2018/texmf-dist/tex/latex/mathtools/mhsetup.sty
Package: mhsetup 2017/03/31 v1.3 programming setup (MH)
)
LaTeX Info: Thecontrolsequence`\('isalreadyrobust on input line 129.
LaTeX Info: Thecontrolsequence`\)'isalreadyrobust on input line 129.
LaTeX Info: Thecontrolsequence`\['isalreadyrobust on input line 129.
LaTeX Info: Thecontrolsequence`\]'isalreadyrobust on input line 129.
\g_MT_multlinerow_int=\count103
\l_MT_multwidth_dim=\dimen116
\origjot=\skip49
\l_MT_shortvdotswithinadjustabove_dim=\dimen117
\l_MT_shortvdotswithinadjustbelow_dim=\dimen118
\l_MT_above_intertext_sep=\dimen119
\l_MT_below_intertext_sep=\dimen120
\l_MT_above_shortintertext_sep=\dimen121
\l_MT_below_shortintertext_sep=\dimen122
)
(/usr/local/texlive/2018/texmf-dist/tex/latex/breqn/flexisym.sty
(/usr/local/texlive/2018/texmf-dist/tex/latex/l3kernel/expl3.sty
Package: expl3 2018/03/05 L3 programming layer (loader) 

(/usr/local/texlive/2018/texmf-dist/tex/latex/l3kernel/expl3-code.tex
Package: expl3 2018/03/05 L3 programming layer (code)
\c_max_int=\count104
\l_tmpa_int=\count105
\l_tmpb_int=\count106
\g_tmpa_int=\count107
\g_tmpb_int=\count108
\g__intarray_font_int=\count109
\g__prg_map_int=\count110
\c_log_iow=\count111
\l_iow_line_count_int=\count112
\l__iow_line_target_int=\count113
\l__iow_one_indent_int=\count114
\l__iow_indent_int=\count115
\c_zero_dim=\dimen123
\c_max_dim=\dimen124
\l_tmpa_dim=\dimen125
\l_tmpb_dim=\dimen126
\g_tmpa_dim=\dimen127
\g_tmpb_dim=\dimen128
\c_zero_skip=\skip50
\c_max_skip=\skip51
\l_tmpa_skip=\skip52
\l_tmpb_skip=\skip53
\g_tmpa_skip=\skip54
\g_tmpb_skip=\skip55
\c_zero_muskip=\muskip11
\c_max_muskip=\muskip12
\l_tmpa_muskip=\muskip13
\l_tmpb_muskip=\muskip14
\g_tmpa_muskip=\muskip15
\g_tmpb_muskip=\muskip16
\l_keys_choice_int=\count116
\c__fp_leading_shift_int=\count117
\c__fp_middle_shift_int=\count118
\c__fp_trailing_shift_int=\count119
\c__fp_big_leading_shift_int=\count120
\c__fp_big_middle_shift_int=\count121
\c__fp_big_trailing_shift_int=\count122
\c__fp_Bigg_leading_shift_int=\count123
\c__fp_Bigg_middle_shift_int=\count124
\c__fp_Bigg_trailing_shift_int=\count125
\c__fp_rand_size_int=\count126
\c__fp_rand_four_int=\count127
\c__fp_rand_eight_int=\count128
\l__sort_length_int=\count129
\l__sort_min_int=\count130
\l__sort_top_int=\count131
\l__sort_max_int=\count132
\l__sort_true_max_int=\count133
\l__sort_block_int=\count134
\l__sort_begin_int=\count135
\l__sort_end_int=\count136
\l__sort_A_int=\count137
\l__sort_B_int=\count138
\l__sort_C_int=\count139
\l__tl_build_start_index_int=\count140
\l__tl_build_index_int=\count141
\l__tl_analysis_normal_int=\count142
\l__tl_analysis_index_int=\count143
\l__tl_analysis_nesting_int=\count144
\l__tl_analysis_type_int=\count145
\l__regex_internal_a_int=\count146
\l__regex_internal_b_int=\count147
\l__regex_internal_c_int=\count148
\l__regex_balance_int=\count149
\l__regex_group_level_int=\count150
\l__regex_mode_int=\count151
\c__regex_cs_in_class_mode_int=\count152
\c__regex_cs_mode_int=\count153
\l__regex_catcodes_int=\count154
\l__regex_default_catcodes_int=\count155
\c__regex_catcode_D_int=\count156
\c__regex_catcode_S_int=\count157
\c__regex_catcode_L_int=\count158
\c__regex_catcode_O_int=\count159
\c__regex_catcode_A_int=\count160
\c__regex_all_catcodes_int=\count161
\l__regex_show_lines_int=\count162
\l__regex_min_state_int=\count163
\l__regex_max_state_int=\count164
\l__regex_left_state_int=\count165
\l__regex_right_state_int=\count166
\l__regex_capturing_group_int=\count167
\l__regex_min_pos_int=\count168
\l__regex_max_pos_int=\count169
\l__regex_curr_pos_int=\count170
\l__regex_start_pos_int=\count171
\l__regex_success_pos_int=\count172
\l__regex_curr_char_int=\count173
\l__regex_curr_catcode_int=\count174
\l__regex_last_char_int=\count175
\l__regex_case_changed_char_int=\count176
\l__regex_curr_state_int=\count177
\l__regex_step_int=\count178
\l__regex_min_active_int=\count179
\l__regex_max_active_int=\count180
\l__regex_replacement_csnames_int=\count181
\l__regex_match_count_int=\count182
\l__regex_min_submatch_int=\count183
\l__regex_submatch_int=\count184
\l__regex_zeroth_submatch_int=\count185
\g__regex_trace_regex_int=\count186
\c_empty_box=\box28
\l_tmpa_box=\box29
\l_tmpb_box=\box30
\g_tmpa_box=\box31
\g_tmpb_box=\box32
\l__box_top_dim=\dimen129
\l__box_bottom_dim=\dimen130
\l__box_left_dim=\dimen131
\l__box_right_dim=\dimen132
\l__box_top_new_dim=\dimen133
\l__box_bottom_new_dim=\dimen134
\l__box_left_new_dim=\dimen135
\l__box_right_new_dim=\dimen136
\l__box_internal_box=\box33
\l__coffin_internal_box=\box34
\l__coffin_internal_dim=\dimen137
\l__coffin_offset_x_dim=\dimen138
\l__coffin_offset_y_dim=\dimen139
\l__coffin_x_dim=\dimen140
\l__coffin_y_dim=\dimen141
\l__coffin_x_prime_dim=\dimen142
\l__coffin_y_prime_dim=\dimen143
\c_empty_coffin=\box35
\l__coffin_aligned_coffin=\box36
\l__coffin_aligned_internal_coffin=\box37
\l_tmpa_coffin=\box38
\l_tmpb_coffin=\box39
\l__coffin_display_coffin=\box40
\l__coffin_display_coord_coffin=\box41
\l__coffin_display_pole_coffin=\box42
\l__coffin_display_offset_dim=\dimen144
\l__coffin_display_x_dim=\dimen145
\l__coffin_display_y_dim=\dimen146
\l__coffin_bounding_shift_dim=\dimen147
\l__coffin_left_corner_dim=\dimen148
\l__coffin_right_corner_dim=\dimen149
\l__coffin_bottom_corner_dim=\dimen150
\l__coffin_top_corner_dim=\dimen151
\l__coffin_scaled_total_height_dim=\dimen152
\l__coffin_scaled_width_dim=\dimen153
)
(/usr/local/texlive/2018/texmf-dist/tex/latex/l3kernel/l3pdfmode.def
File: l3pdfmode.def 2017/03/18 v L3 Experimental driver: PDF mode
\l__driver_color_stack_int=\count187
))
Package: flexisym 2017/01/27 v0.98e Make math characters macros
LaTeX Info: Redefining \textprime on input line 300.
LaTeX Info: Redefining \not on input line 358.

(/usr/local/texlive/2018/texmf-dist/tex/latex/breqn/cmbase.sym
File: cmbase.sym 2007/12/19 v0.92
LaTeX Info: Redefining \hbar on input line 325.
LaTeX Info: Redefining \surd on input line 327.
LaTeX Info: Redefining \angle on input line 335.
LaTeX Info: Redefining \neq on input line 336.
LaTeX Info: Redefining \mapsto on input line 337.
LaTeX Info: Redefining \cong on input line 338.
LaTeX Info: Redefining \notin on input line 341.
LaTeX Info: Redefining \rightleftharpoons on input line 342.
LaTeX Info: Redefining \doteq on input line 343.
LaTeX Info: Redefining \hookrightarrow on input line 344.
LaTeX Info: Redefining \hookleftarrow on input line 345.
LaTeX Info: Redefining \bowtie on input line 346.
LaTeX Info: Redefining \models on input line 347.
LaTeX Info: Redefining \Longrightarrow on input line 348.
LaTeX Info: Redefining \longrightarrow on input line 349.
LaTeX Info: Redefining \Longleftarrow on input line 350.
LaTeX Info: Redefining \longleftarrow on input line 351.
LaTeX Info: Redefining \longmapsto on input line 352.
LaTeX Info: Redefining \longleftrightarrow on input line 353.
LaTeX Info: Redefining \Longleftrightarrow on input line 354.
LaTeX Info: Redefining \cdots on input line 358.
LaTeX Info: Redefining \vdots on input line 361.
LaTeX Info: Redefining \ddots on input line 366.
)
(/usr/local/texlive/2018/texmf-dist/tex/latex/breqn/mathstyle.sty
Package: mathstyle 2017/01/27 0.98e Tracking mathstyle implicitly
LaTeX Info: Redefining \displaystyle on input line 93.
LaTeX Info: Redefining \textstyle on input line 95.
LaTeX Info: Redefining \scriptstyle on input line 97.
LaTeX Info: Redefining \scriptscriptstyle on input line 99.
LaTeX Info: Redefining \genfrac on input line 145.
))
(/usr/local/texlive/2018/texmf-dist/tex/latex/hyperref/hyperref.sty
Package: hyperref 2018/02/06 v6.86b Hypertext links for LaTeX

(/usr/local/texlive/2018/texmf-dist/tex/generic/oberdiek/hobsub-hyperref.sty
Package: hobsub-hyperref 2016/05/16 v1.14 Bundle oberdiek, subset hyperref (HO)


(/usr/local/texlive/2018/texmf-dist/tex/generic/oberdiek/hobsub-generic.sty
Package: hobsub-generic 2016/05/16 v1.14 Bundle oberdiek, subset generic (HO)
Package: hobsub 2016/05/16 v1.14 Construct package bundles (HO)
Package: infwarerr 2016/05/16 v1.4 Providing info/warning/error messages (HO)
Package: ltxcmds 2016/05/16 v1.23 LaTeX kernel commands for general use (HO)
Package: ifluatex 2016/05/16 v1.4 Provides the ifluatex switch (HO)
Package ifluatex Info: LuaTeX not detected.
Package: ifvtex 2016/05/16 v1.6 Detect VTeX and its facilities (HO)
Package ifvtex Info: VTeX not detected.
Package: intcalc 2016/05/16 v1.2 Expandable calculations with integers (HO)
Package: ifpdf 2017/03/15 v3.2 Provides the ifpdf switch
Package: etexcmds 2016/05/16 v1.6 Avoid name clashes with e-TeX commands (HO)
Package etexcmds Info: Could not find \expanded.
(etexcmds)             That can mean that you are not using pdfTeX 1.50 or
(etexcmds)             that some package has redefined \expanded.
(etexcmds)             In the latter case, load this package earlier.
Package: kvsetkeys 2016/05/16 v1.17 Key value parser (HO)
Package: kvdefinekeys 2016/05/16 v1.4 Define keys (HO)
Package: pdftexcmds 2018/01/30 v0.27 Utility functions of pdfTeX for LuaTeX (HO
)
Package pdftexcmds Info: LuaTeX not detected.
Package pdftexcmds Info: \pdf@primitive is available.
Package pdftexcmds Info: \pdf@ifprimitive is available.
Package pdftexcmds Info: \pdfdraftmode found.
Package: pdfescape 2016/05/16 v1.14 Implements pdfTeX's escape features (HO)
Package: bigintcalc 2016/05/16 v1.4 Expandable calculations on big integers (HO
)
Package: bitset 2016/05/16 v1.2 Handle bit-vector datatype (HO)
Package: uniquecounter 2016/05/16 v1.3 Provide unlimited unique counter (HO)
)
Package hobsub Info: Skipping package `hobsub' (already loaded).
Package: letltxmacro 2016/05/16 v1.5 Let assignment for LaTeX macros (HO)
Package: hopatch 2016/05/16 v1.3 Wrapper for package hooks (HO)
Package: xcolor-patch 2016/05/16 xcolor patch
Package: atveryend 2016/05/16 v1.9 Hooks at the very end of document (HO)
Package atveryend Info: \enddocument detected (standard20110627).
Package: atbegshi 2016/06/09 v1.18 At begin shipout hook (HO)
Package: refcount 2016/05/16 v3.5 Data extraction from label references (HO)
Package: hycolor 2016/05/16 v1.8 Color options for hyperref/bookmark (HO)
)
(/usr/local/texlive/2018/texmf-dist/tex/generic/ifxetex/ifxetex.sty
Package: ifxetex 2010/09/12 v0.6 Provides ifxetex conditional
)
(/usr/local/texlive/2018/texmf-dist/tex/latex/oberdiek/auxhook.sty
Package: auxhook 2016/05/16 v1.4 Hooks for auxiliary files (HO)
)
(/usr/local/texlive/2018/texmf-dist/tex/latex/oberdiek/kvoptions.sty
Package: kvoptions 2016/05/16 v3.12 Key value format for package options (HO)
)
\@linkdim=\dimen154
\Hy@linkcounter=\count188
\Hy@pagecounter=\count189

(/usr/local/texlive/2018/texmf-dist/tex/latex/hyperref/pd1enc.def
File: pd1enc.def 2018/02/06 v6.86b Hyperref: PDFDocEncoding definition (HO)
Now handling font encoding PD1 ...
... no UTF-8 mapping file for font encoding PD1
)
\Hy@SavedSpaceFactor=\count190

(/usr/local/texlive/2018/texmf-dist/tex/latex/latexconfig/hyperref.cfg
File: hyperref.cfg 2002/06/06 v1.2 hyperref configuration of TeXLive
)
Package hyperref Info: Hyper figures OFF on input line 4509.
Package hyperref Info: Link nesting OFF on input line 4514.
Package hyperref Info: Hyper index ON on input line 4517.
Package hyperref Info: Plain pages OFF on input line 4524.
Package hyperref Info: Backreferencing OFF on input line 4529.
Package hyperref Info: Implicit mode ON; LaTeX internals redefined.
Package hyperref Info: Bookmarks ON on input line 4762.
\c@Hy@tempcnt=\count191

(/usr/local/texlive/2018/texmf-dist/tex/latex/url/url.sty
\Urlmuskip=\muskip17
Package: url 2013/09/16  ver 3.4  Verb mode for urls, etc.
)
LaTeX Info: Redefining \url on input line 5115.
\XeTeXLinkMargin=\dimen155
\Fld@menulength=\count192
\Field@Width=\dimen156
\Fld@charsize=\dimen157
Package hyperref Info: Hyper figures OFF on input line 6369.
Package hyperref Info: Link nesting OFF on input line 6374.
Package hyperref Info: Hyper index ON on input line 6377.
Package hyperref Info: backreferencing OFF on input line 6384.
Package hyperref Info: Link coloring OFF on input line 6389.
Package hyperref Info: Link coloring with OCG OFF on input line 6394.
Package hyperref Info: PDF/A mode OFF on input line 6399.
LaTeX Info: Redefining \ref on input line 6439.
LaTeX Info: Redefining \pageref on input line 6443.
\Hy@abspage=\count193
\c@Item=\count194
\c@Hfootnote=\count195
)
Package hyperref Info: Driver (autodetected): hpdftex.

(/usr/local/texlive/2018/texmf-dist/tex/latex/hyperref/hpdftex.def
File: hpdftex.def 2018/02/06 v6.86b Hyperref driver for pdfTeX
\Fld@listcount=\count196
\c@bookmark@seq@number=\count197

(/usr/local/texlive/2018/texmf-dist/tex/latex/oberdiek/rerunfilecheck.sty
Package: rerunfilecheck 2016/05/16 v1.8 Rerun checks for auxiliary files (HO)
Package uniquecounter Info: New unique counter `rerunfilecheck' on input line 2
82.
)
\Hy@SectionHShift=\skip56
)
(/usr/local/texlive/2018/texmf-dist/tex/latex/tools/enumerate.sty
Package: enumerate 2015/07/23 v3.00 enumerate extensions (DPC)
\@enLab=\toks20
)
(/usr/local/texlive/2018/texmf-dist/tex/latex/pgf/frontendlayer/tikz.sty
(/usr/local/texlive/2018/texmf-dist/tex/latex/pgf/basiclayer/pgf.sty
(/usr/local/texlive/2018/texmf-dist/tex/latex/pgf/utilities/pgfrcs.sty
(/usr/local/texlive/2018/texmf-dist/tex/generic/pgf/utilities/pgfutil-common.te
x
\pgfutil@everybye=\toks21
\pgfutil@tempdima=\dimen158
\pgfutil@tempdimb=\dimen159

(/usr/local/texlive/2018/texmf-dist/tex/generic/pgf/utilities/pgfutil-common-li
sts.tex))
(/usr/local/texlive/2018/texmf-dist/tex/generic/pgf/utilities/pgfutil-latex.def
\pgfutil@abb=\box43
(/usr/local/texlive/2018/texmf-dist/tex/latex/ms/everyshi.sty
Package: everyshi 2001/05/15 v3.00 EveryShipout Package (MS)
))
(/usr/local/texlive/2018/texmf-dist/tex/generic/pgf/utilities/pgfrcs.code.tex
Package: pgfrcs 2015/08/07 v3.0.1a (rcs-revision 1.31)
))
Package: pgf 2015/08/07 v3.0.1a (rcs-revision 1.15)
(/usr/local/texlive/2018/texmf-dist/tex/latex/pgf/basiclayer/pgfcore.sty
(/usr/local/texlive/2018/texmf-dist/tex/latex/pgf/systemlayer/pgfsys.sty
(/usr/local/texlive/2018/texmf-dist/tex/generic/pgf/systemlayer/pgfsys.code.tex
Package: pgfsys 2014/07/09 v3.0.1a (rcs-revision 1.48)
(/usr/local/texlive/2018/texmf-dist/tex/generic/pgf/utilities/pgfkeys.code.tex
\pgfkeys@pathtoks=\toks22
\pgfkeys@temptoks=\toks23

(/usr/local/texlive/2018/texmf-dist/tex/generic/pgf/utilities/pgfkeysfiltered.c
ode.tex
\pgfkeys@tmptoks=\toks24
))
\pgf@x=\dimen160
\pgf@y=\dimen161
\pgf@xa=\dimen162
\pgf@ya=\dimen163
\pgf@xb=\dimen164
\pgf@yb=\dimen165
\pgf@xc=\dimen166
\pgf@yc=\dimen167
\w@pgf@writea=\write3
\r@pgf@reada=\read1
\c@pgf@counta=\count198
\c@pgf@countb=\count199
\c@pgf@countc=\count266
\c@pgf@countd=\count267
\t@pgf@toka=\toks25
\t@pgf@tokb=\toks26
\t@pgf@tokc=\toks27

(/usr/local/texlive/2018/texmf-dist/tex/generic/pgf/systemlayer/pgf.cfg
File: pgf.cfg 2008/05/14  (rcs-revision 1.7)
)
Driver file for pgf: pgfsys-pdftex.def

(/usr/local/texlive/2018/texmf-dist/tex/generic/pgf/systemlayer/pgfsys-pdftex.d
ef
File: pgfsys-pdftex.def 2014/10/11  (rcs-revision 1.35)

(/usr/local/texlive/2018/texmf-dist/tex/generic/pgf/systemlayer/pgfsys-common-p
df.def
File: pgfsys-common-pdf.def 2013/10/10  (rcs-revision 1.13)
)))
(/usr/local/texlive/2018/texmf-dist/tex/generic/pgf/systemlayer/pgfsyssoftpath.
code.tex
File: pgfsyssoftpath.code.tex 2013/09/09  (rcs-revision 1.9)
\pgfsyssoftpath@smallbuffer@items=\count268
\pgfsyssoftpath@bigbuffer@items=\count269
)
(/usr/local/texlive/2018/texmf-dist/tex/generic/pgf/systemlayer/pgfsysprotocol.
code.tex
File: pgfsysprotocol.code.tex 2006/10/16  (rcs-revision 1.4)
)) (/usr/local/texlive/2018/texmf-dist/tex/latex/xcolor/xcolor.sty
Package: xcolor 2016/05/11 v2.12 LaTeX color extensions (UK)

(/usr/local/texlive/2018/texmf-dist/tex/latex/graphics-cfg/color.cfg
File: color.cfg 2016/01/02 v1.6 sample color configuration
)
Package xcolor Info: Driver file: pdftex.def on input line 225.
Package xcolor Info: Model `cmy' substituted by `cmy0' on input line 1348.
Package xcolor Info: Model `hsb' substituted by `rgb' on input line 1352.
Package xcolor Info: Model `RGB' extended on input line 1364.
Package xcolor Info: Model `HTML' substituted by `rgb' on input line 1366.
Package xcolor Info: Model `Hsb' substituted by `hsb' on input line 1367.
Package xcolor Info: Model `tHsb' substituted by `hsb' on input line 1368.
Package xcolor Info: Model `HSB' substituted by `hsb' on input line 1369.
Package xcolor Info: Model `Gray' substituted by `gray' on input line 1370.
Package xcolor Info: Model `wave' substituted by `hsb' on input line 1371.
)
(/usr/local/texlive/2018/texmf-dist/tex/generic/pgf/basiclayer/pgfcore.code.tex
Package: pgfcore 2010/04/11 v3.0.1a (rcs-revision 1.7)
(/usr/local/texlive/2018/texmf-dist/tex/generic/pgf/math/pgfmath.code.tex
(/usr/local/texlive/2018/texmf-dist/tex/generic/pgf/math/pgfmathcalc.code.tex
(/usr/local/texlive/2018/texmf-dist/tex/generic/pgf/math/pgfmathutil.code.tex)
(/usr/local/texlive/2018/texmf-dist/tex/generic/pgf/math/pgfmathparser.code.tex
\pgfmath@dimen=\dimen168
\pgfmath@count=\count270
\pgfmath@box=\box44
\pgfmath@toks=\toks28
\pgfmath@stack@operand=\toks29
\pgfmath@stack@operation=\toks30
)
(/usr/local/texlive/2018/texmf-dist/tex/generic/pgf/math/pgfmathfunctions.code.
tex
(/usr/local/texlive/2018/texmf-dist/tex/generic/pgf/math/pgfmathfunctions.basic
.code.tex)
(/usr/local/texlive/2018/texmf-dist/tex/generic/pgf/math/pgfmathfunctions.trigo
nometric.code.tex)
(/usr/local/texlive/2018/texmf-dist/tex/generic/pgf/math/pgfmathfunctions.rando
m.code.tex)
(/usr/local/texlive/2018/texmf-dist/tex/generic/pgf/math/pgfmathfunctions.compa
rison.code.tex)
(/usr/local/texlive/2018/texmf-dist/tex/generic/pgf/math/pgfmathfunctions.base.
code.tex)
(/usr/local/texlive/2018/texmf-dist/tex/generic/pgf/math/pgfmathfunctions.round
.code.tex)
(/usr/local/texlive/2018/texmf-dist/tex/generic/pgf/math/pgfmathfunctions.misc.
code.tex)
(/usr/local/texlive/2018/texmf-dist/tex/generic/pgf/math/pgfmathfunctions.integ
erarithmetics.code.tex)))
(/usr/local/texlive/2018/texmf-dist/tex/generic/pgf/math/pgfmathfloat.code.tex
\c@pgfmathroundto@lastzeros=\count271
))
(/usr/local/texlive/2018/texmf-dist/tex/generic/pgf/basiclayer/pgfcorepoints.co
de.tex
File: pgfcorepoints.code.tex 2013/10/07  (rcs-revision 1.27)
\pgf@picminx=\dimen169
\pgf@picmaxx=\dimen170
\pgf@picminy=\dimen171
\pgf@picmaxy=\dimen172
\pgf@pathminx=\dimen173
\pgf@pathmaxx=\dimen174
\pgf@pathminy=\dimen175
\pgf@pathmaxy=\dimen176
\pgf@xx=\dimen177
\pgf@xy=\dimen178
\pgf@yx=\dimen179
\pgf@yy=\dimen180
\pgf@zx=\dimen181
\pgf@zy=\dimen182
)
(/usr/local/texlive/2018/texmf-dist/tex/generic/pgf/basiclayer/pgfcorepathconst
ruct.code.tex
File: pgfcorepathconstruct.code.tex 2013/10/07  (rcs-revision 1.29)
\pgf@path@lastx=\dimen183
\pgf@path@lasty=\dimen184
)
(/usr/local/texlive/2018/texmf-dist/tex/generic/pgf/basiclayer/pgfcorepathusage
.code.tex
File: pgfcorepathusage.code.tex 2014/11/02  (rcs-revision 1.24)
\pgf@shorten@end@additional=\dimen185
\pgf@shorten@start@additional=\dimen186
)
(/usr/local/texlive/2018/texmf-dist/tex/generic/pgf/basiclayer/pgfcorescopes.co
de.tex
File: pgfcorescopes.code.tex 2015/05/08  (rcs-revision 1.46)
\pgfpic=\box45
\pgf@hbox=\box46
\pgf@layerbox@main=\box47
\pgf@picture@serial@count=\count272
)
(/usr/local/texlive/2018/texmf-dist/tex/generic/pgf/basiclayer/pgfcoregraphicst
ate.code.tex
File: pgfcoregraphicstate.code.tex 2014/11/02  (rcs-revision 1.12)
\pgflinewidth=\dimen187
)
(/usr/local/texlive/2018/texmf-dist/tex/generic/pgf/basiclayer/pgfcoretransform
ations.code.tex
File: pgfcoretransformations.code.tex 2015/08/07  (rcs-revision 1.20)
\pgf@pt@x=\dimen188
\pgf@pt@y=\dimen189
\pgf@pt@temp=\dimen190
)
(/usr/local/texlive/2018/texmf-dist/tex/generic/pgf/basiclayer/pgfcorequick.cod
e.tex
File: pgfcorequick.code.tex 2008/10/09  (rcs-revision 1.3)
)
(/usr/local/texlive/2018/texmf-dist/tex/generic/pgf/basiclayer/pgfcoreobjects.c
ode.tex
File: pgfcoreobjects.code.tex 2006/10/11  (rcs-revision 1.2)
)
(/usr/local/texlive/2018/texmf-dist/tex/generic/pgf/basiclayer/pgfcorepathproce
ssing.code.tex
File: pgfcorepathprocessing.code.tex 2013/09/09  (rcs-revision 1.9)
)
(/usr/local/texlive/2018/texmf-dist/tex/generic/pgf/basiclayer/pgfcorearrows.co
de.tex
File: pgfcorearrows.code.tex 2015/05/14  (rcs-revision 1.43)
\pgfarrowsep=\dimen191
)
(/usr/local/texlive/2018/texmf-dist/tex/generic/pgf/basiclayer/pgfcoreshade.cod
e.tex
File: pgfcoreshade.code.tex 2013/07/15  (rcs-revision 1.15)
\pgf@max=\dimen192
\pgf@sys@shading@range@num=\count273
)
(/usr/local/texlive/2018/texmf-dist/tex/generic/pgf/basiclayer/pgfcoreimage.cod
e.tex
File: pgfcoreimage.code.tex 2013/07/15  (rcs-revision 1.18)

(/usr/local/texlive/2018/texmf-dist/tex/generic/pgf/basiclayer/pgfcoreexternal.
code.tex
File: pgfcoreexternal.code.tex 2014/07/09  (rcs-revision 1.21)
\pgfexternal@startupbox=\box48
))
(/usr/local/texlive/2018/texmf-dist/tex/generic/pgf/basiclayer/pgfcorelayers.co
de.tex
File: pgfcorelayers.code.tex 2013/07/18  (rcs-revision 1.7)
)
(/usr/local/texlive/2018/texmf-dist/tex/generic/pgf/basiclayer/pgfcoretranspare
ncy.code.tex
File: pgfcoretransparency.code.tex 2013/09/30  (rcs-revision 1.5)
)
(/usr/local/texlive/2018/texmf-dist/tex/generic/pgf/basiclayer/pgfcorepatterns.
code.tex
File: pgfcorepatterns.code.tex 2013/11/07  (rcs-revision 1.5)
)))
(/usr/local/texlive/2018/texmf-dist/tex/generic/pgf/modules/pgfmoduleshapes.cod
e.tex
File: pgfmoduleshapes.code.tex 2014/03/21  (rcs-revision 1.35)
\pgfnodeparttextbox=\box49
)
(/usr/local/texlive/2018/texmf-dist/tex/generic/pgf/modules/pgfmoduleplot.code.
tex
File: pgfmoduleplot.code.tex 2015/08/03  (rcs-revision 1.13)
)
(/usr/local/texlive/2018/texmf-dist/tex/latex/pgf/compatibility/pgfcomp-version
-0-65.sty
Package: pgfcomp-version-0-65 2007/07/03 v3.0.1a (rcs-revision 1.7)
\pgf@nodesepstart=\dimen193
\pgf@nodesepend=\dimen194
)
(/usr/local/texlive/2018/texmf-dist/tex/latex/pgf/compatibility/pgfcomp-version
-1-18.sty
Package: pgfcomp-version-1-18 2007/07/23 v3.0.1a (rcs-revision 1.1)
))
(/usr/local/texlive/2018/texmf-dist/tex/latex/pgf/utilities/pgffor.sty
(/usr/local/texlive/2018/texmf-dist/tex/latex/pgf/utilities/pgfkeys.sty
(/usr/local/texlive/2018/texmf-dist/tex/generic/pgf/utilities/pgfkeys.code.tex)
) (/usr/local/texlive/2018/texmf-dist/tex/latex/pgf/math/pgfmath.sty
(/usr/local/texlive/2018/texmf-dist/tex/generic/pgf/math/pgfmath.code.tex))
(/usr/local/texlive/2018/texmf-dist/tex/generic/pgf/utilities/pgffor.code.tex
Package: pgffor 2013/12/13 v3.0.1a (rcs-revision 1.25)

(/usr/local/texlive/2018/texmf-dist/tex/generic/pgf/math/pgfmath.code.tex)
\pgffor@iter=\dimen195
\pgffor@skip=\dimen196
\pgffor@stack=\toks31
\pgffor@toks=\toks32
))
(/usr/local/texlive/2018/texmf-dist/tex/generic/pgf/frontendlayer/tikz/tikz.cod
e.tex
Package: tikz 2015/08/07 v3.0.1a (rcs-revision 1.151)

(/usr/local/texlive/2018/texmf-dist/tex/generic/pgf/libraries/pgflibraryplothan
dlers.code.tex
File: pgflibraryplothandlers.code.tex 2013/08/31 v3.0.1a (rcs-revision 1.20)
\pgf@plot@mark@count=\count274
\pgfplotmarksize=\dimen197
)
\tikz@lastx=\dimen198
\tikz@lasty=\dimen199
\tikz@lastxsaved=\dimen256
\tikz@lastysaved=\dimen257
\tikzleveldistance=\dimen258
\tikzsiblingdistance=\dimen259
\tikz@figbox=\box50
\tikz@figbox@bg=\box51
\tikz@tempbox=\box52
\tikz@tempbox@bg=\box53
\tikztreelevel=\count275
\tikznumberofchildren=\count276
\tikznumberofcurrentchild=\count277
\tikz@fig@count=\count278

(/usr/local/texlive/2018/texmf-dist/tex/generic/pgf/modules/pgfmodulematrix.cod
e.tex
File: pgfmodulematrix.code.tex 2013/09/17  (rcs-revision 1.8)
\pgfmatrixcurrentrow=\count279
\pgfmatrixcurrentcolumn=\count280
\pgf@matrix@numberofcolumns=\count281
)
\tikz@expandcount=\count282

(/usr/local/texlive/2018/texmf-dist/tex/generic/pgf/frontendlayer/tikz/librarie
s/tikzlibrarytopaths.code.tex
File: tikzlibrarytopaths.code.tex 2008/06/17 v3.0.1a (rcs-revision 1.2)
)))
(/usr/local/texlive/2018/texmf-dist/tex/generic/pgf/frontendlayer/tikz/librarie
s/tikzlibraryarrows.code.tex
File: tikzlibraryarrows.code.tex 2008/01/09 v3.0.1a (rcs-revision 1.1)

(/usr/local/texlive/2018/texmf-dist/tex/generic/pgf/libraries/pgflibraryarrows.
code.tex
File: pgflibraryarrows.code.tex 2013/09/23 v3.0.1a (rcs-revision 1.16)
\arrowsize=\dimen260
))
\c@lecnum=\count283
\c@theorem=\count284
Package hyperref Info: Option `colorlinks' set `true' on input line 101.
 (/usr/local/texlive/2018/texmf-dist/tex/latex/tocloft/tocloft.sty
Package: tocloft 2017/08/31 v2.3i parameterised ToC, etc., typesetting
Package tocloft Info: The document has section divisions on input line 51.
\cftparskip=\skip57
\cftbeforetoctitleskip=\skip58
\cftaftertoctitleskip=\skip59
\cftbeforepartskip=\skip60
\cftpartnumwidth=\skip61
\cftpartindent=\skip62
\cftbeforesecskip=\skip63
\cftsecindent=\skip64
\cftsecnumwidth=\skip65
\cftbeforesubsecskip=\skip66
\cftsubsecindent=\skip67
\cftsubsecnumwidth=\skip68
\cftbeforesubsubsecskip=\skip69
\cftsubsubsecindent=\skip70
\cftsubsubsecnumwidth=\skip71
\cftbeforeparaskip=\skip72
\cftparaindent=\skip73
\cftparanumwidth=\skip74
\cftbeforesubparaskip=\skip75
\cftsubparaindent=\skip76
\cftsubparanumwidth=\skip77
\cftbeforeloftitleskip=\skip78
\cftafterloftitleskip=\skip79
\cftbeforefigskip=\skip80
\cftfigindent=\skip81
\cftfignumwidth=\skip82
\c@lofdepth=\count285
\c@lotdepth=\count286
\cftbeforelottitleskip=\skip83
\cftafterlottitleskip=\skip84
\cftbeforetabskip=\skip85
\cfttabindent=\skip86
\cfttabnumwidth=\skip87
)
(./exam-notes.aux)
\openout1 = `exam-notes.aux'.

LaTeX Font Info:    Checking defaults for OML/cmm/m/it on input line 120.
LaTeX Font Info:    ... okay on input line 120.
LaTeX Font Info:    Checking defaults for T1/cmr/m/n on input line 120.
LaTeX Font Info:    ... okay on input line 120.
LaTeX Font Info:    Checking defaults for OT1/cmr/m/n on input line 120.
LaTeX Font Info:    ... okay on input line 120.
LaTeX Font Info:    Checking defaults for OMS/cmsy/m/n on input line 120.
LaTeX Font Info:    ... okay on input line 120.
LaTeX Font Info:    Checking defaults for OMX/cmex/m/n on input line 120.
LaTeX Font Info:    ... okay on input line 120.
LaTeX Font Info:    Checking defaults for U/cmr/m/n on input line 120.
LaTeX Font Info:    ... okay on input line 120.
LaTeX Font Info:    Checking defaults for PD1/pdf/m/n on input line 120.
LaTeX Font Info:    ... okay on input line 120.

(/usr/local/texlive/2018/texmf-dist/tex/context/base/mkii/supp-pdf.mkii
[Loading MPS to PDF converter (version 2006.09.02).]
\scratchcounter=\count287
\scratchdimen=\dimen261
\scratchbox=\box54
\nofMPsegments=\count288
\nofMParguments=\count289
\everyMPshowfont=\toks33
\MPscratchCnt=\count290
\MPscratchDim=\dimen262
\MPnumerator=\count291
\makeMPintoPDFobject=\count292
\everyMPtoPDFconversion=\toks34
) (/usr/local/texlive/2018/texmf-dist/tex/latex/oberdiek/epstopdf-base.sty
Package: epstopdf-base 2016/05/15 v2.6 Base part for package epstopdf

(/usr/local/texlive/2018/texmf-dist/tex/latex/oberdiek/grfext.sty
Package: grfext 2016/05/16 v1.2 Manage graphics extensions (HO)
)
Package epstopdf-base Info: Redefining graphics rule for `.eps' on input line 4
38.
Package grfext Info: Graphics extension search list:
(grfext)             [.pdf,.png,.jpg,.mps,.jpeg,.jbig2,.jb2,.PDF,.PNG,.JPG,.JPE
G,.JBIG2,.JB2,.eps]
(grfext)             \AppendGraphicsExtensions on input line 456.

(/usr/local/texlive/2018/texmf-dist/tex/latex/latexconfig/epstopdf-sys.cfg
File: epstopdf-sys.cfg 2010/07/13 v1.3 Configuration of (r)epstopdf for TeX Liv
e
))
\AtBeginShipoutBox=\box55
Package hyperref Info: Link coloring ON on input line 120.

(/usr/local/texlive/2018/texmf-dist/tex/latex/hyperref/nameref.sty
Package: nameref 2016/05/21 v2.44 Cross-referencing by name of section

(/usr/local/texlive/2018/texmf-dist/tex/generic/oberdiek/gettitlestring.sty
Package: gettitlestring 2016/05/16 v1.5 Cleanup title references (HO)
)
\c@section@level=\count293
)
LaTeX Info: Redefining \ref on input line 120.
LaTeX Info: Redefining \pageref on input line 120.
LaTeX Info: Redefining \nameref on input line 120.

(./exam-notes.out) (./exam-notes.out)
\@outlinefile=\write4
\openout4 = `exam-notes.out'.

 ABD: EveryShipout initializing macros
LaTeX Font Info:    Try loading font information for U+msa on input line 124.

(/usr/local/texlive/2018/texmf-dist/tex/latex/amsfonts/umsa.fd
File: umsa.fd 2013/01/14 v3.01 AMS symbols A
)
LaTeX Font Info:    Try loading font information for U+msb on input line 124.

(/usr/local/texlive/2018/texmf-dist/tex/latex/amsfonts/umsb.fd
File: umsb.fd 2013/01/14 v3.01 AMS symbols B
) [1

{/usr/local/texlive/2018/texmf-var/fonts/map/pdftex/updmap/pdftex.map}] (./exam
-notes.tocpdfTeX warning (ext4): destination with the same identifier (name{pag
e.}) has been already used, duplicate ignored
<to be read again> 
                   \relax 
l.47 ...6.2}Analytic Functions}{1}{subsection.6.2}
                                                   [2])
\tf@toc=\write5
\openout5 = `exam-notes.toc'.

pdfTeX warning (ext4): destination with the same identifier (name{page.}) has b
een already used, duplicate ignored
<to be read again> 
                   \relax 
l.129 \newpage
               [3]
LaTeX Font Info:    Try loading font information for OMS+cmr on input line 147.

 (/usr/local/texlive/2018/texmf-dist/tex/latex/base/omscmr.fd
File: omscmr.fd 2014/09/29 v2.5h Standard LaTeX font definitions
)
LaTeX Font Info:    Font shape `OMS/cmr/m/it' in size <10> not available
(Font)              Font shape `OMS/cmsy/m/n' tried instead on input line 147.
 [1] [2] [3]pdfTeX warning (ext4): destination with the same identifier (name{p
age.1}) has been already used, duplicate ignored
<to be read again> 
                   \relax 
l.316 L
       et $A \subseteq \mathbb{R}$ and non-empty. Then [1]pdfTeX warning (ext4)
: destination with the same identifier (name{page.2}) has been already used, du
plicate ignored
<to be read again> 
                   \relax 
l.385 \section{Complex Numbers}
                                [2]pdfTeX warning (ext4): destination with the 
same identifier (name{page.1}) has been already used, duplicate ignored
<to be read again> 
                   \relax 
l.429 \end{enumerate}
                      [1]pdfTeX warning (ext4): destination with the same ident
ifier (name{page.2}) has been already used, duplicate ignored
<to be read again> 
                   \relax 
l.486 \end{remark}
                   [2]pdfTeX warning (ext4): destination with the same identifi
er (name{page.3}) has been already used, duplicate ignored
<to be read again> 
                   \relax 
l.518 \section{Sequences}
                          [3]pdfTeX warning (ext4): destination with the same i
dentifier (name{page.1}) has been already used, duplicate ignored
<to be read again> 
                   \relax 
l.576 $$
         [1]pdfTeX warning (ext4): destination with the same identifier (name{p
age.2}) has been already used, duplicate ignored
<to be read again> 
                   \relax 
l.637 \end{remark}
                   [2]pdfTeX warning (ext4): destination with the same identifi
er (name{page.3}) has been already used, duplicate ignored
<to be read again> 
                   \relax 
l.640 \section{Limits}
                       [3]pdfTeX warning (ext4): destination with the same iden
tifier (name{page.1}) has been already used, duplicate ignored
<to be read again> 
                   \relax 
l.697 
       [1]pdfTeX warning (ext4): destination with the same identifier (name{pag
e.2}) has been already used, duplicate ignored
<to be read again> 
                   \relax 
l.699 \section{Monotonicity}
                             [2]pdfTeX warning (ext4): destination with the sam
e identifier (name{page.1}) has been already used, duplicate ignored
<to be read again> 
                   \relax 
l.760   $$
           [1]pdfTeX warning (ext4): destination with the same identifier (name
{page.2}) has been already used, duplicate ignored
<to be read again> 
                   \relax 
l.822 \end{enumerate}
                      [2]pdfTeX warning (ext4): destination with the same ident
ifier (name{page.3}) has been already used, duplicate ignored
<to be read again> 
                   \relax 
l.879 
       [3] [4]pdfTeX warning (ext4): destination with the same identifier (name
{page.1}) has been already used, duplicate ignored
<to be read again> 
                   \relax 
l.993     \item $
                 \Lim{n \rightarrow \infty} \sqrt[n]{n} = 1$; [1]pdfTeX warning
 (ext4): destination with the same identifier (name{page.2}) has been already u
sed, duplicate ignored
<to be read again> 
                   \relax 
l.1051 $$
          [2]

Package amsmath Warning: Foreign command \atopwithdelims;
(amsmath)                \frac or \genfrac should be used instead
(amsmath)                 on input line 1056.

pdfTeX warning (ext4): destination with the same identifier (name{page.3}) has 
been already used, duplicate ignored
<to be read again> 
                   \relax 
l.1070 \section{Limit Superior and Inferior}
                                             [3]pdfTeX warning (ext4): destinat
ion with the same identifier (name{page.1}) has been already used, duplicate ig
nored
<to be read again> 
                   \relax 
l.1103 ...ties of the Limit Superior and Inferior}
                                                   [1]pdfTeX warning (ext4): de
stination with the same identifier (name{page.1}) has been already used, duplic
ate ignored
<to be read again> 
                   \relax 
l.1156 
        [1]pdfTeX warning (ext4): destination with the same identifier (name{pa
ge.2}) has been already used, duplicate ignored
<to be read again> 
                   \relax 
l.1160 \section{Subsequences and Cauchy Sequences}
                                                   [2]
Overfull \hbox (30.01248pt too wide) in paragraph at lines 1170--1171
[]\OT1/cmr/m/it/10 (Accumulation Point). If $\OMS/cmsy/m/n/10 f\OML/cmm/m/it/10
 x[]\OMS/cmsy/m/n/10 g[]$ \OT1/cmr/m/it/10 is $[]$, then its limit is called an
 $[]$
 []

pdfTeX warning (ext4): destination with the same identifier (name{page.1}) has 
been already used, duplicate ignored
<to be read again> 
                   \relax 
l.1214 
        [1]pdfTeX warning (ext4): destination with the same identifier (name{pa
ge.2}) has been already used, duplicate ignored
<to be read again> 
                   \relax 
l.1271 \section{Series}
                        [2]pdfTeX warning (ext4): destination with the same ide
ntifier (name{page.1}) has been already used, duplicate ignored
<to be read again> 
                   \relax 
l.1322 I
        f $\sum_{k=0}^{\infty}a_k$ converges, then necessarily $\Lim{k \righ...
[1]pdfTeX warning (ext4): destination with the same identifier (name{page.2}) h
as been already used, duplicate ignored
<to be read again> 
                   \relax 
l.1357 \section{Tests for convergence of series}
                                                 [2]pdfTeX warning (ext4): dest
ination with the same identifier (name{page.1}) has been already used, duplicat
e ignored
<to be read again> 
                   \relax 
l.1410 
        [1]pdfTeX warning (ext4): destination with the same identifier (name{pa
ge.2}) has been already used, duplicate ignored
<to be read again> 
                   \relax 
l.1463 \begin{definition}(
                          Contraction). Let $f: \mathbb{K}^N \rightarrow \ma...
[2]pdfTeX warning (ext4): destination with the same identifier (name{page.3}) h
as been already used, duplicate ignored
<to be read again> 
                   \relax 
l.1473 \section{Cauchy Condensation Test}
                                          [3]pdfTeX warning (ext4): destination
 with the same identifier (name{page.1}) has been already used, duplicate ignor
ed
<to be read again> 
                   \relax 
l.1521 \section{Tests for convergence of series}
                                                 [1]pdfTeX warning (ext4): dest
ination with the same identifier (name{page.1}) has been already used, duplicat
e ignored
<to be read again> 
                   \relax 
l.1568 $$
          [1]pdfTeX warning (ext4): destination with the same identifier (name{
page.2}) has been already used, duplicate ignored
<to be read again> 
                   \relax 
l.1624 $$
          [2]
<Assets/Series_tests.png, id=724, 1047.915pt x 664.4825pt>
File: Assets/Series_tests.png Graphic file (type png)
<use Assets/Series_tests.png>
Package pdftex.def Info: Assets/Series_tests.png  used on input line 1667.
(pdftex.def)             Requested size: 512.15569pt x 341.43666pt.

Overfull \hbox (42.4007pt too wide) in paragraph at lines 1667--1668
 [] 
 []

pdfTeX warning (ext4): destination with the same identifier (name{page.3}) has 
been already used, duplicate ignored
<to be read again> 
                   \relax 
l.1668 \end{center}
                    [3]pdfTeX warning (ext4): destination with the same identif
ier (name{page.4}) has been already used, duplicate ignored
<to be read again> 
                   \relax 
l.1672 ...Series and their Convergence Properties}
                                                   [4 <./Assets/Series_tests.pn
g>]pdfTeX warning (ext4): destination with the same identifier (name{page.1}) h
as been already used, duplicate ignored
<to be read again> 
                   \relax 
l.1716 $$
          [1]
Overfull \hbox (19.31944pt too wide) in paragraph at lines 1724--1725
[]\OT1/cmr/m/it/10 We have that a power se-ries con-verges uni-formly and ab-so
-lutely in any re-gion that $[]$
 []

pdfTeX warning (ext4): destination with the same identifier (name{page.2}) has 
been already used, duplicate ignored
<to be read again> 
                   \relax 
l.1734 \section{Double Series}
                               [2]pdfTeX warning (ext4): destination with the s
ame identifier (name{page.1}) has been already used, duplicate ignored
<to be read again> 
                   \relax 
l.1769 $$
          [1]pdfTeX warning (ext4): destination with the same identifier (name{
page.2}) has been already used, duplicate ignored
<to be read again> 
                   \relax 
l.1783 \section{Cauchy Products}
                                 [2]pdfTeX warning (ext4): destination with the
 same identifier (name{page.1}) has been already used, duplicate ignored
<to be read again> 
                   \relax 
l.1826 \section{Closed and Open Sets}
                                      [1]pdfTeX warning (ext4): destination wit
h the same identifier (name{page.1}) has been already used, duplicate ignored
<to be read again> 
                   \relax 
l.1878 (
        iii) Let $x \in \bigcap_{i=1}^nU_i$. This means that $x \in U_i$ for...
[1]pdfTeX warning (ext4): destination with the same identifier (name{page.2}) h
as been already used, duplicate ignored
<to be read again> 
                   \relax 
l.1928 \begin{proposition} A
                             set A that is closed and bounded from above(bel...
[2]pdfTeX warning (ext4): destination with the same identifier (name{page.3}) h
as been already used, duplicate ignored
<to be read again> 
                   \relax 
l.1972 $$
          [3]pdfTeX warning (ext4): destination with the same identifier (name{
page.4}) has been already used, duplicate ignored
<to be read again> 
                   \relax 
l.1983 ... and their sequential characeterisation}
                                                   [4]
Overfull \hbox (20.15778pt too wide) in paragraph at lines 2023--2024
[]\OT1/cmr/m/it/10 (Closure of a set). The clo-sure of a set A, de-noted by $[]
$ is de-fined as the $[]$
 []

pdfTeX warning (ext4): destination with the same identifier (name{page.1}) has 
been already used, duplicate ignored
<to be read again> 
                   \relax 
l.2043 $$
          [1]pdfTeX warning (ext4): destination with the same identifier (name{
page.2}) has been already used, duplicate ignored
<to be read again> 
                   \relax 
l.2092 F
        irst, we note that $A \subseteq \bar{A}$ by definition of $\bar{A}$....
[2]pdfTeX warning (ext4): destination with the same identifier (name{page.3}) h
as been already used, duplicate ignored
<to be read again> 
                   \relax 
l.2098 \section{Limits for Functions}
                                      [3]pdfTeX warning (ext4): destination wit
h the same identifier (name{page.1}) has been already used, duplicate ignored
<to be read again> 
                   \relax 
l.2148 
        [1]pdfTeX warning (ext4): destination with the same identifier (name{pa
ge.2}) has been already used, duplicate ignored
<to be read again> 
                   \relax 
l.2188 S
        uppose that A is bounded and has a sequence $(x_n)$ in A. This seque...
[2]pdfTeX warning (ext4): destination with the same identifier (name{page.3}) h
as been already used, duplicate ignored
<to be read again> 
                   \relax 
l.2233 $$
          [3]pdfTeX warning (ext4): destination with the same identifier (name{
page.4}) has been already used, duplicate ignored
<to be read again> 
                   \relax 
l.2268 \section{Uniform Continuity}
                                    [4]pdfTeX warning (ext4): destination with 
the same identifier (name{page.1}) has been already used, duplicate ignored
<to be read again> 
                   \relax 
l.2317 $$
          [1]pdfTeX warning (ext4): destination with the same identifier (name{
page.2}) has been already used, duplicate ignored
<to be read again> 
                   \relax 
l.2356 \section{Pointwise and Uniform Convergence}
                                                   [2]pdfTeX warning (ext4): de
stination with the same identifier (name{page.1}) has been already used, duplic
ate ignored
<to be read again> 
                   \relax 
l.2409     \item S
                  ee if you can "upgrade" it to a uniform limit, where the r...
[1]pdfTeX warning (ext4): destination with the same identifier (name{page.2}) h
as been already used, duplicate ignored
<to be read again> 
                   \relax 
l.2423 ...remum Norm and Uniform Cauchy Sequences}
                                                   [2]pdfTeX warning (ext4): de
stination with the same identifier (name{page.1}) has been already used, duplic
ate ignored
<to be read again> 
                   \relax 
l.2475 $$
          [1]pdfTeX warning (ext4): destination with the same identifier (name{
page.2}) has been already used, duplicate ignored
<to be read again> 
                   \relax 
l.2515 ...orm Convergence for series of functions}
                                                   [2]pdfTeX warning (ext4): de
stination with the same identifier (name{page.1}) has been already used, duplic
ate ignored
<to be read again> 
                   \relax 
l.2551 \end{remark}
                    [1]pdfTeX warning (ext4): destination with the same identif
ier (name{page.2}) has been already used, duplicate ignored
<to be read again> 
                   \relax 
l.2563 \section{Differentiation and Integration}
                                                 [2]pdfTeX warning (ext4): dest
ination with the same identifier (name{page.1}) has been already used, duplicat
e ignored
<to be read again> 
                   \relax 
l.2610 \begin{enumerate}[(i)]
                              [1]pdfTeX warning (ext4): destination with the sa
me identifier (name{page.2}) has been already used, duplicate ignored
<to be read again> 
                   \relax 
l.2656   $$
            [2]pdfTeX warning (ext4): destination with the same identifier (nam
e{page.3}) has been already used, duplicate ignored
<to be read again> 
                   \relax 
l.2684 \section{Integral with Parameters}
                                          [3]
Overfull \hbox (1.61058pt too wide) in paragraph at lines 2720--2721
\OT1/cmr/m/n/10 point-wise to f on D, then the limit func-tion is dif-fer-en-ti
able. First, we re-quire $[]$. 
 []

pdfTeX warning (ext4): destination with the same identifier (name{page.1}) has 
been already used, duplicate ignored
<to be read again> 
                   \relax 
l.2726 \end{lemma}
                   [1]pdfTeX warning (ext4): destination with the same identifi
er (name{page.2}) has been already used, duplicate ignored
<to be read again> 
                   \relax 
l.2734 \section{Analytic Functions}
                                    [2]pdfTeX warning (ext4): destination with 
the same identifier (name{page.1}) has been already used, duplicate ignored
<to be read again> 
                   \relax 
l.2768 \end{remark}
                    [1]pdfTeX warning (ext4): destination with the same identif
ier (name{page.2}) has been already used, duplicate ignored
<to be read again> 
                   \relax 
l.2801 $$
          [2]pdfTeX warning (ext4): destination with the same identifier (name{
page.3}) has been already used, duplicate ignored
<to be read again> 
                   \relax 
l.2839   \item D
                ifferentiable functions; [3]pdfTeX warning (ext4): destination 
with the same identifier (name{page.4}) has been already used, duplicate ignore
d
<to be read again> 
                   \relax 
l.2846 ...Further properties of Analytic Function}
                                                   [4]pdfTeX warning (ext4): de
stination with the same identifier (name{page.1}) has been already used, duplic
ate ignored
<to be read again> 
                   \relax 
l.2867 \section{Logarithm}
                           [1]pdfTeX warning (ext4): destination with the same 
identifier (name{page.1}) has been already used, duplicate ignored
<to be read again> 
                   \relax 
l.2903 
        [1]pdfTeX warning (ext4): destination with the same identifier (name{pa
ge.2}) has been already used, duplicate ignored
<to be read again> 
                   \relax 
l.2958 \section{Complex Analysis}
                                  [2]pdfTeX warning (ext4): destination with th
e same identifier (name{page.1}) has been already used, duplicate ignored
<to be read again> 
                   \relax 
l.3004 \end{proposition}
                         [1]pdfTeX warning (ext4): destination with the same id
entifier (name{page.2}) has been already used, duplicate ignored
<to be read again> 
                   \relax 
l.3055 $$
          [2]pdfTeX warning (ext4): destination with the same identifier (name{
page.3}) has been already used, duplicate ignored
<to be read again> 
                   \relax 
l.3064 \section{Path Dependence}
                                 [3]pdfTeX warning (ext4): destination with the
 same identifier (name{page.1}) has been already used, duplicate ignored
<to be read again> 
                   \relax 
l.3124 \end{proposition}
                         [1]pdfTeX warning (ext4): destination with the same id
entifier (name{page.2}) has been already used, duplicate ignored
<to be read again> 
                   \relax 
l.3129 \section{Star Shaped Domains}
                                     [2]pdfTeX warning (ext4): destination with
 the same identifier (name{page.1}) has been already used, duplicate ignored
<to be read again> 
                   \relax 
l.3166 ...ion{Cauchy Integral Theorem and Formula}
                                                   [1]pdfTeX warning (ext4): de
stination with the same identifier (name{page.1}) has been already used, duplic
ate ignored
<to be read again> 
                   \relax 
l.3206 ...Analyticity of Differentiable Functions}
                                                   [1]pdfTeX warning (ext4): de
stination with the same identifier (name{page.1}) has been already used, duplic
ate ignored
<to be read again> 
                   \relax 
l.3227 ...egrals on an annulus and Laurent Series}
                                                   [1]pdfTeX warning (ext4): de
stination with the same identifier (name{page.1}) has been already used, duplic
ate ignored
<to be read again> 
                   \relax 
l.3274 $$
          [1]pdfTeX warning (ext4): destination with the same identifier (name{
page.2}) has been already used, duplicate ignored
<to be read again> 
                   \relax 
l.3280 \section{Singularity and poles}
                                       [2]pdfTeX warning (ext4): destination wi
th the same identifier (name{page.1}) has been already used, duplicate ignored
<to be read again> 
                   \relax 
l.3333 $$
          [1]pdfTeX warning (ext4): destination with the same identifier (name{
page.2}) has been already used, duplicate ignored
<to be read again> 
                   \relax 
l.3351 \section{Residues and Residue Theorem}
                                              [2]pdfTeX warning (ext4): destina
tion with the same identifier (name{page.1}) has been already used, duplicate i
gnored
<to be read again> 
                   \relax 
l.3391 $$
          [1]pdfTeX warning (ext4): destination with the same identifier (name{
page.2}) has been already used, duplicate ignored
<to be read again> 
                   \relax 
l.3426 $
        $ [2]pdfTeX warning (ext4): destination with the same identifier (name{
page.3}) has been already used, duplicate ignored
<to be read again> 
                   \relax 
l.3467 \end{document}
                      [3]
Package atveryend Info: Empty hook `BeforeClearDocument' on input line 3467.
Package atveryend Info: Empty hook `AfterLastShipout' on input line 3467.
 (./exam-notes.aux)
Package atveryend Info: Executing hook `AtVeryEndDocument' on input line 3467.
Package atveryend Info: Executing hook `AtEndAfterFileList' on input line 3467.



Package rerunfilecheck Warning: File `exam-notes.out' has changed.
(rerunfilecheck)                Rerun to get outlines right
(rerunfilecheck)                or use package `bookmark'.

Package rerunfilecheck Info: Checksums for `exam-notes.out':
(rerunfilecheck)             Before: 5B9A9AE0DD444E8AE1211186E9571720;5074
(rerunfilecheck)             After:  D603D23129CAF2994418A83B489F53DB;5069.
Package atveryend Info: Empty hook `AtVeryVeryEnd' on input line 3467.
 ) 
Here is how much of TeX's memory you used:
 25871 strings out of 492649
 497632 string characters out of 6129622
 530913 words of memory out of 5000000
 28880 multiletter control sequences out of 15000+600000
 541117 words of font info for 62 fonts, out of 8000000 for 9000
 1141 hyphenation exceptions out of 8191
 55i,9n,54p,10384b,481s stack positions out of 5000i,500n,10000p,200000b,80000s
</usr/local/texlive/2018/texmf-dist/fonts/type1/public/amsfonts/cm/cmbx10.pfb
></usr/local/texlive/2018/texmf-dist/fonts/type1/public/amsfonts/cm/cmbx12.pfb>
</usr/local/texlive/2018/texmf-dist/fonts/type1/public/amsfonts/cm/cmbx9.pfb></
usr/local/texlive/2018/texmf-dist/fonts/type1/public/amsfonts/cm/cmbxti10.pfb><
/usr/local/texlive/2018/texmf-dist/fonts/type1/public/amsfonts/cm/cmex10.pfb></
usr/local/texlive/2018/texmf-dist/fonts/type1/public/amsfonts/cm/cmmi10.pfb></u
sr/local/texlive/2018/texmf-dist/fonts/type1/public/amsfonts/cm/cmmi5.pfb></usr
/local/texlive/2018/texmf-dist/fonts/type1/public/amsfonts/cm/cmmi7.pfb></usr/l
ocal/texlive/2018/texmf-dist/fonts/type1/public/amsfonts/cm/cmr10.pfb></usr/loc
al/texlive/2018/texmf-dist/fonts/type1/public/amsfonts/cm/cmr12.pfb></usr/local
/texlive/2018/texmf-dist/fonts/type1/public/amsfonts/cm/cmr17.pfb></usr/local/t
exlive/2018/texmf-dist/fonts/type1/public/amsfonts/cm/cmr5.pfb></usr/local/texl
ive/2018/texmf-dist/fonts/type1/public/amsfonts/cm/cmr7.pfb></usr/local/texlive
/2018/texmf-dist/fonts/type1/public/amsfonts/cm/cmr9.pfb></usr/local/texlive/20
18/texmf-dist/fonts/type1/public/amsfonts/cm/cmsy10.pfb></usr/local/texlive/201
8/texmf-dist/fonts/type1/public/amsfonts/cm/cmsy5.pfb></usr/local/texlive/2018/
texmf-dist/fonts/type1/public/amsfonts/cm/cmsy7.pfb></usr/local/texlive/2018/te
xmf-dist/fonts/type1/public/amsfonts/cm/cmti10.pfb></usr/local/texlive/2018/tex
mf-dist/fonts/type1/public/amsfonts/symbols/msam10.pfb></usr/local/texlive/2018
/texmf-dist/fonts/type1/public/amsfonts/symbols/msbm10.pfb></usr/local/texlive/
2018/texmf-dist/fonts/type1/public/amsfonts/symbols/msbm7.pfb>
Output written on exam-notes.pdf (89 pages, 692742 bytes).
PDF statistics:
 1341 PDF objects out of 1440 (max. 8388607)
 1214 compressed objects within 13 object streams
 557 named destinations out of 1000 (max. 500000)
 570 words of extra memory for PDF output out of 10000 (max. 10000000)

