\BOOKMARK [1][-]{section.1}{Foundations and Axioms}{}% 1
\BOOKMARK [2][-]{subsection.1.1}{Axioms}{section.1}% 2
\BOOKMARK [2][-]{subsection.1.2}{Boundedness}{section.1}% 3
\BOOKMARK [2][-]{subsection.1.3}{More things on Supremum and Infimum}{section.1}% 4
\BOOKMARK [2][-]{subsection.1.4}{Basic Properties of the Real Numbers}{section.1}% 5
\BOOKMARK [2][-]{subsection.1.5}{Introduction to Complex Numbers}{section.1}% 6
\BOOKMARK [2][-]{subsection.1.6}{Higher Dimensional Spaces}{section.1}% 7
\BOOKMARK [2][-]{subsection.1.7}{Inner Product and Euclidean Norm}{section.1}% 8
\BOOKMARK [1][-]{section.2}{Sequences and Limits}{}% 9
\BOOKMARK [2][-]{subsection.2.1}{Sequences}{section.2}% 10
\BOOKMARK [2][-]{subsection.2.2}{Consequences of limits}{section.2}% 11
\BOOKMARK [2][-]{subsection.2.3}{Limit Laws}{section.2}% 12
\BOOKMARK [2][-]{subsection.2.4}{Squeeze Law}{section.2}% 13
\BOOKMARK [2][-]{subsection.2.5}{Arithmetic-Geometric Mean Inequality}{section.2}% 14
\BOOKMARK [2][-]{subsection.2.6}{Existence of nth root}{section.2}% 15
\BOOKMARK [2][-]{subsection.2.7}{The Euler Number}{section.2}% 16
\BOOKMARK [2][-]{subsection.2.8}{Limit Superior and Inferior}{section.2}% 17
\BOOKMARK [2][-]{subsection.2.9}{Further Properties of the Limit Superior and Inferior}{section.2}% 18
\BOOKMARK [2][-]{subsection.2.10}{Subsequences}{section.2}% 19
\BOOKMARK [1][-]{section.3}{Series}{}% 20
\BOOKMARK [2][-]{subsection.3.1}{Series}{section.3}% 21
\BOOKMARK [2][-]{subsection.3.2}{Tests for convergence of series}{section.3}% 22
\BOOKMARK [2][-]{subsection.3.3}{Cauchy Condensation Test}{section.3}% 23
\BOOKMARK [2][-]{subsection.3.4}{Alternating Series and Conditional Convergence}{section.3}% 24
\BOOKMARK [2][-]{subsection.3.5}{Tests for convergence of series}{section.3}% 25
\BOOKMARK [2][-]{subsection.3.6}{Power Series and their Convergence Properties}{section.3}% 26
\BOOKMARK [2][-]{subsection.3.7}{Double Series}{section.3}% 27
\BOOKMARK [2][-]{subsection.3.8}{Cauchy Products}{section.3}% 28
\BOOKMARK [2][-]{subsection.3.9}{Closed and Open Sets}{section.3}% 29
\BOOKMARK [2][-]{subsection.3.10}{Closures}{section.3}% 30
\BOOKMARK [2][-]{subsection.3.11}{Sequential characeterisation of closure}{section.3}% 31
\BOOKMARK [1][-]{section.4}{Limits and Continuity}{}% 32
\BOOKMARK [2][-]{subsection.4.1}{Limits for Functions}{section.4}% 33
\BOOKMARK [2][-]{subsection.4.2}{Continuity of Functions}{section.4}% 34
\BOOKMARK [2][-]{subsection.4.3}{Properties of Continuous Functions}{section.4}% 35
\BOOKMARK [2][-]{subsection.4.4}{Uniform Continuity}{section.4}% 36
\BOOKMARK [1][-]{section.5}{Uniform Convergence}{}% 37
\BOOKMARK [2][-]{subsection.5.1}{Pointwise and Uniform Convergence}{section.5}% 38
\BOOKMARK [2][-]{subsection.5.2}{Supremum Norm}{section.5}% 39
\BOOKMARK [2][-]{subsection.5.3}{Uniform Cauchy Sequences}{section.5}% 40
\BOOKMARK [2][-]{subsection.5.4}{Absolute and Uniform Convergence for series of functions}{section.5}% 41
\BOOKMARK [2][-]{subsection.5.5}{Differentiation and Integration}{section.5}% 42
\BOOKMARK [2][-]{subsection.5.6}{Integral with Parameters}{section.5}% 43
\BOOKMARK [2][-]{subsection.5.7}{Uniform Convergence, Integration, and Differentiation}{section.5}% 44
\BOOKMARK [1][-]{section.6}{Analytic Functions}{}% 45
\BOOKMARK [2][-]{subsection.6.1}{Review of Taylor series}{section.6}% 46
\BOOKMARK [2][-]{subsection.6.2}{Analytic Functions}{section.6}% 47
\BOOKMARK [2][-]{subsection.6.3}{Intuition of analytic functions}{section.6}% 48
\BOOKMARK [2][-]{subsection.6.4}{Further properties of Analytic Function}{section.6}% 49
\BOOKMARK [2][-]{subsection.6.5}{Logarithm}{section.6}% 50
\BOOKMARK [1][-]{section.7}{Complex Analysis}{}% 51
\BOOKMARK [2][-]{subsection.7.1}{Introduction}{section.7}% 52
\BOOKMARK [2][-]{subsection.7.2}{Complex Numbers Operation}{section.7}% 53
\BOOKMARK [2][-]{subsection.7.3}{Complex Functions Differentiation}{section.7}% 54
\BOOKMARK [2][-]{subsection.7.4}{Path Integrals}{section.7}% 55
\BOOKMARK [2][-]{subsection.7.5}{Path Dependence}{section.7}% 56
\BOOKMARK [2][-]{subsection.7.6}{Cauchy Riemann Equations}{section.7}% 57
\BOOKMARK [2][-]{subsection.7.7}{Star Shaped Domains}{section.7}% 58
\BOOKMARK [2][-]{subsection.7.8}{Cauchy Integral Theorem and Formula}{section.7}% 59
\BOOKMARK [2][-]{subsection.7.9}{Analyticity of Differentiable Functions}{section.7}% 60
\BOOKMARK [2][-]{subsection.7.10}{Integrals on an annulus and Laurent Series}{section.7}% 61
\BOOKMARK [2][-]{subsection.7.11}{Singularity and poles}{section.7}% 62
\BOOKMARK [2][-]{subsection.7.12}{Practical Applications}{section.7}% 63
\BOOKMARK [3][-]{subsubsection.7.12.1}{Removable Singularity}{subsection.7.12}% 64
\BOOKMARK [3][-]{subsubsection.7.12.2}{Poles}{subsection.7.12}% 65
\BOOKMARK [3][-]{subsubsection.7.12.3}{Essential Singularity}{subsection.7.12}% 66
\BOOKMARK [2][-]{subsection.7.13}{Residues and Residue Theorem}{section.7}% 67
\BOOKMARK [2][-]{subsection.7.14}{Finding Laurent series}{section.7}% 68
\BOOKMARK [2][-]{subsection.7.15}{Application of Residues to real integrals}{section.7}% 69
