\BOOKMARK [1][-]{section.1}{Introduction}{}% 1
\BOOKMARK [2][-]{subsection.1.1}{Basic Set and Function Definition}{section.1}% 2
\BOOKMARK [2][-]{subsection.1.2}{Introduction to -algebra and Measures.}{section.1}% 3
\BOOKMARK [2][-]{subsection.1.3}{Set Theory}{section.1}% 4
\BOOKMARK [2][-]{subsection.1.4}{Constructing -algebra from intersections}{section.1}% 5
\BOOKMARK [2][-]{subsection.1.5}{Construction of -algebra From Functions.}{section.1}% 6
\BOOKMARK [2][-]{subsection.1.6}{Measures}{section.1}% 7
\BOOKMARK [2][-]{subsection.1.7}{Constructing Measure Spaces}{section.1}% 8
\BOOKMARK [2][-]{subsection.1.8}{-algebra with disjoint sets}{section.1}% 9
\BOOKMARK [2][-]{subsection.1.9}{Properties of Meausres}{section.1}% 10
\BOOKMARK [2][-]{subsection.1.10}{Metric Spaces}{section.1}% 11
\BOOKMARK [2][-]{subsection.1.11}{The Construction of measures from outer measures}{section.1}% 12
\BOOKMARK [2][-]{subsection.1.12}{Exploring Outer Measures and their properties.}{section.1}% 13
\BOOKMARK [2][-]{subsection.1.13}{Constructing -algebra For Measures.}{section.1}% 14
\BOOKMARK [2][-]{subsection.1.14}{^*-measurable set properties.}{section.1}% 15
\BOOKMARK [2][-]{subsection.1.15}{Lebesgue Measure}{section.1}% 16
\BOOKMARK [2][-]{subsection.1.16}{Regularity of the Lebesgue Measure.}{section.1}% 17
\BOOKMARK [2][-]{subsection.1.17}{Uniqueness of the Lebesgue Measure.}{section.1}% 18
\BOOKMARK [2][-]{subsection.1.18}{Uniqueness of Lebesgue Measure.}{section.1}% 19
\BOOKMARK [2][-]{subsection.1.19}{Linear Transformation of Lebesgue Measure.}{section.1}% 20
\BOOKMARK [2][-]{subsection.1.20}{The Lebesgue-Stieltjes Measure}{section.1}% 21
\BOOKMARK [1][-]{section.2}{Measurable Functions}{}% 22
\BOOKMARK [2][-]{subsection.2.1}{Measurable Functions.}{section.2}% 23
\BOOKMARK [2][-]{subsection.2.2}{Convergence of sequences of functions.}{section.2}% 24
\BOOKMARK [2][-]{subsection.2.3}{Sequences of measurable functions}{section.2}% 25
\BOOKMARK [2][-]{subsection.2.4}{Simple Measurable Functions.}{section.2}% 26
\BOOKMARK [2][-]{subsection.2.5}{Non-negative Measurable Functions approximation by simple functions.}{section.2}% 27
\BOOKMARK [1][-]{section.3}{Integration and properties}{}% 28
\BOOKMARK [2][-]{subsection.3.1}{Integration}{section.3}% 29
\BOOKMARK [2][-]{subsection.3.2}{Integration of non-negative simple functions.}{section.3}% 30
\BOOKMARK [2][-]{subsection.3.3}{Examples of integrals with respect to measures.}{section.3}% 31
\BOOKMARK [2][-]{subsection.3.4}{Monotone Convergence Theorem.}{section.3}% 32
\BOOKMARK [2][-]{subsection.3.5}{Integrable Functions.}{section.3}% 33
\BOOKMARK [2][-]{subsection.3.6}{Measures with a density.}{section.3}% 34
\BOOKMARK [2][-]{subsection.3.7}{Special Transformation Formula}{section.3}% 35
\BOOKMARK [2][-]{subsection.3.8}{Limit Theorems}{section.3}% 36
\BOOKMARK [1][-]{section.4}{The Lebesgue Spaces}{}% 37
\BOOKMARK [2][-]{subsection.4.1}{The Lebesgue Spaces}{section.4}% 38
\BOOKMARK [2][-]{subsection.4.2}{Further properties of Lebesgue Spaces}{section.4}% 39
\BOOKMARK [2][-]{subsection.4.3}{The L^p spaces}{section.4}% 40
\BOOKMARK [2][-]{subsection.4.4}{Density Theorems}{section.4}% 41
\BOOKMARK [2][-]{subsection.4.5}{The space L^}{section.4}% 42
\BOOKMARK [2][-]{subsection.4.6}{Tonelli's Theorem}{section.4}% 43
\BOOKMARK [1][-]{section.5}{Convolution and Approximations}{}% 44
\BOOKMARK [2][-]{subsection.5.1}{Translation of a function}{section.5}% 45
\BOOKMARK [2][-]{subsection.5.2}{Convex Functions}{section.5}% 46
\BOOKMARK [2][-]{subsection.5.3}{Convolution}{section.5}% 47
\BOOKMARK [2][-]{subsection.5.4}{Approximate Identities}{section.5}% 48
\BOOKMARK [2][-]{subsection.5.5}{Approximate Theorems}{section.5}% 49
\BOOKMARK [1][-]{section.6}{The Fourier Transform}{}% 50
\BOOKMARK [2][-]{subsection.6.1}{The Fourier Transform}{section.6}% 51
\BOOKMARK [2][-]{subsection.6.2}{Properties of the Fourier transform}{section.6}% 52
\BOOKMARK [2][-]{subsection.6.3}{Further Properties of the Fourier transform}{section.6}% 53
\BOOKMARK [2][-]{subsection.6.4}{Fourier Transform in L2}{section.6}% 54
\BOOKMARK [1][-]{section.7}{Absolute Continuity and the Radon-Nikodym Theorem}{}% 55
\BOOKMARK [2][-]{subsection.7.1}{Hilbert Spaces}{section.7}% 56
\BOOKMARK [2][-]{subsection.7.2}{Absolute Continuity}{section.7}% 57
\BOOKMARK [2][-]{subsection.7.3}{Radon-Nikodym Theorem}{section.7}% 58
\BOOKMARK [1][-]{section.8}{Probability Theory}{}% 59
\BOOKMARK [2][-]{subsection.8.1}{Introduction to Probability Theory}{section.8}% 60
\BOOKMARK [2][-]{subsection.8.2}{Definitions}{section.8}% 61
\BOOKMARK [2][-]{subsection.8.3}{Distribution of a random variable}{section.8}% 62
\BOOKMARK [2][-]{subsection.8.4}{Conditional Expectation}{section.8}% 63
