\BOOKMARK [1][-]{section.1}{Sigma Algebras and Measures}{}% 1
\BOOKMARK [2][-]{subsection.1.1}{Motivation}{section.1}% 2
\BOOKMARK [2][-]{subsection.1.2}{Vitali Sets}{section.1}% 3
\BOOKMARK [2][-]{subsection.1.3}{Sigma Algebras}{section.1}% 4
\BOOKMARK [2][-]{subsection.1.4}{Measures}{section.1}% 5
\BOOKMARK [2][-]{subsection.1.5}{Algebras}{section.1}% 6
\BOOKMARK [2][-]{subsection.1.6}{Caratheodory Extension Theorem}{section.1}% 7
\BOOKMARK [2][-]{subsection.1.7}{Construction of Measures}{section.1}% 8
\BOOKMARK [2][-]{subsection.1.8}{Uniqueness of measures}{section.1}% 9
\BOOKMARK [2][-]{subsection.1.9}{Lebesgue-Stieltjes Integral}{section.1}% 10
\BOOKMARK [2][-]{subsection.1.10}{Completion of Measure Spaces}{section.1}% 11
\BOOKMARK [2][-]{subsection.1.11}{First Borel-Cantelli Lemma}{section.1}% 12
\BOOKMARK [1][-]{section.2}{Random Variables}{}% 13
\BOOKMARK [2][-]{subsection.2.1}{Random Variables}{section.2}% 14
\BOOKMARK [2][-]{subsection.2.2}{Distributions of random variables}{section.2}% 15
\BOOKMARK [1][-]{section.3}{Independence}{}% 16
\BOOKMARK [2][-]{subsection.3.1}{Independence of sets of events}{section.3}% 17
\BOOKMARK [2][-]{subsection.3.2}{Second Borel-Cantelli Lemma and Kolmogorov's 0-1 Law}{section.3}% 18
\BOOKMARK [2][-]{subsection.3.3}{Kolmogorov\220s 0-1 law}{section.3}% 19
\BOOKMARK [1][-]{section.4}{Integration}{}% 20
\BOOKMARK [2][-]{subsection.4.1}{Integration of Simple Functions}{section.4}% 21
\BOOKMARK [2][-]{subsection.4.2}{Integration of non-negative measurable functions}{section.4}% 22
\BOOKMARK [2][-]{subsection.4.3}{Convergence Theorems}{section.4}% 23
\BOOKMARK [2][-]{subsection.4.4}{Relationship between Riemann and Lebesgue Integrals}{section.4}% 24
\BOOKMARK [2][-]{subsection.4.5}{Abstract Lebesgue Integral and Integrable Functions}{section.4}% 25
\BOOKMARK [1][-]{section.5}{Lebesgue Spaces}{}% 26
\BOOKMARK [2][-]{subsection.5.1}{L^p-spaces}{section.5}% 27
\BOOKMARK [2][-]{subsection.5.2}{Modes of convergence}{section.5}% 28
\BOOKMARK [2][-]{subsection.5.3}{Inequalities in the L^p-space}{section.5}% 29
\BOOKMARK [2][-]{subsection.5.4}{Completeness of the L^p-space}{section.5}% 30
\BOOKMARK [2][-]{subsection.5.5}{L^p-spaces}{section.5}% 31
\BOOKMARK [1][-]{section.6}{Expectation}{}% 32
\BOOKMARK [2][-]{subsection.6.1}{Expectation}{section.6}% 33
\BOOKMARK [2][-]{subsection.6.2}{The Radon-Nikodym Theorem}{section.6}% 34
\BOOKMARK [2][-]{subsection.6.3}{Substitution theorem for random variables}{section.6}% 35
\BOOKMARK [2][-]{subsection.6.4}{Expectation of Functions of Random Variables}{section.6}% 36
\BOOKMARK [2][-]{subsection.6.5}{Convex Functions}{section.6}% 37
\BOOKMARK [2][-]{subsection.6.6}{Variance and Covariance}{section.6}% 38
\BOOKMARK [1][-]{section.7}{Product Measures}{}% 39
\BOOKMARK [2][-]{subsection.7.1}{Caratheodory Extension Theorem for Product Measures}{section.7}% 40
\BOOKMARK [2][-]{subsection.7.2}{Product Measure}{section.7}% 41
\BOOKMARK [2][-]{subsection.7.3}{Fubini's Theorem}{section.7}% 42
\BOOKMARK [2][-]{subsection.7.4}{Product Measure on n-dimensional space}{section.7}% 43
\BOOKMARK [2][-]{subsection.7.5}{Random Vectors}{section.7}% 44
\BOOKMARK [2][-]{subsection.7.6}{Change of variables for Random Vectors}{section.7}% 45
\BOOKMARK [1][-]{section.8}{Conditional Expectation}{}% 46
\BOOKMARK [2][-]{subsection.8.1}{Introduction}{section.8}% 47
\BOOKMARK [2][-]{subsection.8.2}{Properties of conditional expectation}{section.8}% 48
\BOOKMARK [1][-]{section.9}{Exponential Families}{}% 49
\BOOKMARK [2][-]{subsection.9.1}{Moment Generating Functions}{section.9}% 50
\BOOKMARK [2][-]{subsection.9.2}{Sufficient Statistics}{section.9}% 51
\BOOKMARK [2][-]{subsection.9.3}{Introduction}{section.9}% 52
\BOOKMARK [2][-]{subsection.9.4}{Exponential Family}{section.9}% 53
\BOOKMARK [2][-]{subsection.9.5}{The Mean-Value Parameter}{section.9}% 54
\BOOKMARK [1][-]{section.10}{Local Asymptotic Normality}{}% 55
\BOOKMARK [2][-]{subsection.10.1}{Taylor's Theorem}{section.10}% 56
\BOOKMARK [2][-]{subsection.10.2}{Weak Convergence}{section.10}% 57
\BOOKMARK [2][-]{subsection.10.3}{Asymptotic Statistics}{section.10}% 58
\BOOKMARK [2][-]{subsection.10.4}{Local Asymptotic Normality}{section.10}% 59
\BOOKMARK [2][-]{subsection.10.5}{Le Cam's First Lemma}{section.10}% 60
\BOOKMARK [2][-]{subsection.10.6}{LAN Property in Exponential Families}{section.10}% 61
\BOOKMARK [2][-]{subsection.10.7}{Le Cam's Third Lemma}{section.10}% 62
\BOOKMARK [2][-]{subsection.10.8}{Conditions implying LAN property}{section.10}% 63
\BOOKMARK [2][-]{subsection.10.9}{Strict Conditions for the LAN property to hold}{section.10}% 64
\BOOKMARK [2][-]{subsection.10.10}{LAN property for Location and Scale Families}{section.10}% 65
\BOOKMARK [2][-]{subsection.10.11}{L^2 differentiability implies LAN}{section.10}% 66
\BOOKMARK [1][-]{section.11}{Optimality of estimators}{}% 67
\BOOKMARK [2][-]{subsection.11.1}{Regular Estimators}{section.11}% 68
\BOOKMARK [2][-]{subsection.11.2}{Scores version of Le Cam's 3rd Lemma}{section.11}% 69
\BOOKMARK [2][-]{subsection.11.3}{RAJN Estimators}{section.11}% 70
\BOOKMARK [2][-]{subsection.11.4}{Asymptotically Efficient Estimators}{section.11}% 71
\BOOKMARK [2][-]{subsection.11.5}{Construction of AE Estimators}{section.11}% 72
\BOOKMARK [2][-]{subsection.11.6}{Newton-Raphson Algorithm}{section.11}% 73
\BOOKMARK [2][-]{subsection.11.7}{Identifying RAJN Estimators}{section.11}% 74
\BOOKMARK [2][-]{subsection.11.8}{Estimators based on moments and quantiles}{section.11}% 75
\BOOKMARK [2][-]{subsection.11.9}{Efficient Influence Function}{section.11}% 76
\BOOKMARK [2][-]{subsection.11.10}{Scalar Nuisance Parameter Model}{section.11}% 77
\BOOKMARK [2][-]{subsection.11.11}{General Setting Nuisance Parameter}{section.11}% 78
\BOOKMARK [2][-]{subsection.11.12}{Regularity in the presence of nuisance parameters}{section.11}% 79
\BOOKMARK [2][-]{subsection.11.13}{Estimating Smooth functions of parameters}{section.11}% 80
\BOOKMARK [1][-]{section.12}{Hypothesis Testing}{}% 81
\BOOKMARK [2][-]{subsection.12.1}{Asymptotically Optimal Parametric Testing}{section.12}% 82
\BOOKMARK [2][-]{subsection.12.2}{Local Alternatives}{section.12}% 83
\BOOKMARK [2][-]{subsection.12.3}{Classical Tests}{section.12}% 84
\BOOKMARK [2][-]{subsection.12.4}{Classical Tests are asymptotically equivalent}{section.12}% 85
\BOOKMARK [2][-]{subsection.12.5}{Properties of test statistics}{section.12}% 86
\BOOKMARK [3][-]{subsubsection.12.5.1}{Limiting Distribution Under Null Hypothesis}{subsection.12.5}% 87
\BOOKMARK [3][-]{subsubsection.12.5.2}{Limiting Distribution Under Nearby Alternatives}{subsection.12.5}% 88
\BOOKMARK [2][-]{subsection.12.6}{Regular Quadratic Form Test Statistics}{section.12}% 89
\BOOKMARK [2][-]{subsection.12.7}{Positive Definite Matrices}{section.12}% 90
\BOOKMARK [2][-]{subsection.12.8}{Orthogonal Decomposition Of Tests}{section.12}% 91
\BOOKMARK [1][-]{section.13}{Optimality of Bayesian Methods}{}% 92
\BOOKMARK [2][-]{subsection.13.1}{Introduction to Bayesian Methods}{section.13}% 93
\BOOKMARK [2][-]{subsection.13.2}{Hellinger Distance}{section.13}% 94
\BOOKMARK [2][-]{subsection.13.3}{Bayes Posterior Mean}{section.13}% 95
\BOOKMARK [2][-]{subsection.13.4}{Expectation-Maximization Algorithm}{section.13}% 96
\BOOKMARK [2][-]{subsection.13.5}{Normal Location Contamination Mixture Model}{section.13}% 97
\BOOKMARK [1][-]{section.14}{Measure Theory Recap}{}% 98
\BOOKMARK [2][-]{subsection.14.1}{Classes of subsets}{section.14}% 99
\BOOKMARK [2][-]{subsection.14.2}{Functions on Sets}{section.14}% 100
\BOOKMARK [2][-]{subsection.14.3}{Extension Theorems}{section.14}% 101
\BOOKMARK [2][-]{subsection.14.4}{Caratheodory Theorem}{section.14}% 102
\BOOKMARK [2][-]{subsection.14.5}{Monotone Classes}{section.14}% 103
\BOOKMARK [2][-]{subsection.14.6}{Lebesgue Measure}{section.14}% 104
\BOOKMARK [2][-]{subsection.14.7}{Complete Measures}{section.14}% 105
\BOOKMARK [2][-]{subsection.14.8}{Approximation and Regularity}{section.14}% 106
\BOOKMARK [2][-]{subsection.14.9}{Measurability}{section.14}% 107
\BOOKMARK [2][-]{subsection.14.10}{Simple Functions}{section.14}% 108
\BOOKMARK [2][-]{subsection.14.11}{Integrating Simple Functions}{section.14}% 109
\BOOKMARK [2][-]{subsection.14.12}{Integrating non-negative Functions}{section.14}% 110
\BOOKMARK [2][-]{subsection.14.13}{Integrating measurable functions}{section.14}% 111
\BOOKMARK [2][-]{subsection.14.14}{Measurability of functions}{section.14}% 112
\BOOKMARK [2][-]{subsection.14.15}{Properties of Integrals}{section.14}% 113
\BOOKMARK [2][-]{subsection.14.16}{Convergence Theorems for non-negative functions}{section.14}% 114
\BOOKMARK [2][-]{subsection.14.17}{Lebesgue-Stieltjes Integral}{section.14}% 115
\BOOKMARK [2][-]{subsection.14.18}{Measure on finite product of spaces}{section.14}% 116
\BOOKMARK [2][-]{subsection.14.19}{Countable Product Space}{section.14}% 117
\BOOKMARK [2][-]{subsection.14.20}{Fubini's Theorem}{section.14}% 118
\BOOKMARK [2][-]{subsection.14.21}{Radon-Nikodym Theorem}{section.14}% 119
\BOOKMARK [2][-]{subsection.14.22}{Convergence of functions}{section.14}% 120
\BOOKMARK [2][-]{subsection.14.23}{H\366lder and Minkowski Inequalities}{section.14}% 121
\BOOKMARK [2][-]{subsection.14.24}{L^p-Spaces}{section.14}% 122
