\BOOKMARK [1][-]{section.1}{Vector Calculus Revision}{}% 1
\BOOKMARK [2][-]{subsection.1.1}{Vector Basics}{section.1}% 2
\BOOKMARK [2][-]{subsection.1.2}{Vector-Valued Functions and Motion in Space}{section.1}% 3
\BOOKMARK [1][-]{section.2}{Curves}{}% 4
\BOOKMARK [2][-]{subsection.2.1}{Parameterised Curves}{section.2}% 5
\BOOKMARK [2][-]{subsection.2.2}{Curvature}{section.2}% 6
\BOOKMARK [2][-]{subsection.2.3}{Frenet Equations and Fundamental Theorem}{section.2}% 7
\BOOKMARK [2][-]{subsection.2.4}{Rotation Index}{section.2}% 8
\BOOKMARK [2][-]{subsection.2.5}{Theorem of Turning Tangents for Regular Curves}{section.2}% 9
\BOOKMARK [2][-]{subsection.2.6}{Basic Topology}{section.2}% 10
\BOOKMARK [1][-]{section.3}{Regular Surfaces}{}% 11
\BOOKMARK [2][-]{subsection.3.1}{Regular Surfaces}{section.3}% 12
\BOOKMARK [2][-]{subsection.3.2}{Change of Parameters}{section.3}% 13
\BOOKMARK [2][-]{subsection.3.3}{The Tangent Plane}{section.3}% 14
\BOOKMARK [2][-]{subsection.3.4}{Bilinear and Quadratic Forms}{section.3}% 15
\BOOKMARK [2][-]{subsection.3.5}{Riemannian Metrics and First Fundamental Form}{section.3}% 16
\BOOKMARK [2][-]{subsection.3.6}{Length of curves on surfaces}{section.3}% 17
\BOOKMARK [2][-]{subsection.3.7}{Area on surfaces}{section.3}% 18
\BOOKMARK [2][-]{subsection.3.8}{Orientation of Surfaces}{section.3}% 19
\BOOKMARK [1][-]{section.4}{The Gauss Map}{}% 20
\BOOKMARK [2][-]{subsection.4.1}{Gauss Map}{section.4}% 21
\BOOKMARK [2][-]{subsection.4.2}{The Second Fundamental Form}{section.4}% 22
\BOOKMARK [2][-]{subsection.4.3}{Linear Algebra Review}{section.4}% 23
\BOOKMARK [2][-]{subsection.4.4}{Principal Directions}{section.4}% 24
\BOOKMARK [2][-]{subsection.4.5}{Gauss Curvature}{section.4}% 25
\BOOKMARK [2][-]{subsection.4.6}{Relationship between Gauss map and fundamental forms}{section.4}% 26
\BOOKMARK [2][-]{subsection.4.7}{Surfaces of Revolution}{section.4}% 27
\BOOKMARK [2][-]{subsection.4.8}{Minimal Surfaces}{section.4}% 28
\BOOKMARK [2][-]{subsection.4.9}{Minimal Surfaces of Revolution}{section.4}% 29
\BOOKMARK [2][-]{subsection.4.10}{Isothermal}{section.4}% 30
\BOOKMARK [1][-]{section.5}{Intrinsic Geometry of Surfaces}{}% 31
\BOOKMARK [2][-]{subsection.5.1}{Isometries}{section.5}% 32
\BOOKMARK [2][-]{subsection.5.2}{Conformalities}{section.5}% 33
\BOOKMARK [2][-]{subsection.5.3}{Gauss' Theorema Egregium and Equations of Compatibility}{section.5}% 34
\BOOKMARK [1][-]{section.6}{Geodesics}{}% 35
\BOOKMARK [2][-]{subsection.6.1}{Parallel Transport}{section.6}% 36
\BOOKMARK [2][-]{subsection.6.2}{Geodesics}{section.6}% 37
\BOOKMARK [2][-]{subsection.6.3}{Geodesics Curvature}{section.6}% 38
\BOOKMARK [2][-]{subsection.6.4}{Exponential Map}{section.6}% 39
\BOOKMARK [2][-]{subsection.6.5}{Geodesics are locally length-minimising}{section.6}% 40
\BOOKMARK [2][-]{subsection.6.6}{Geodesics Curvature}{section.6}% 41
\BOOKMARK [1][-]{section.7}{Gauss-Bonnet Theorem}{}% 42
\BOOKMARK [2][-]{subsection.7.1}{Local Gauss-Bonnet Theorem}{section.7}% 43
\BOOKMARK [2][-]{subsection.7.2}{Gauss-Bonnet Theorem}{section.7}% 44
\BOOKMARK [2][-]{subsection.7.3}{Gauss-Bonnet Theorem}{section.7}% 45
\BOOKMARK [2][-]{subsection.7.4}{Morse's Theorem}{section.7}% 46
\BOOKMARK [2][-]{subsection.7.5}{Morse's Theorem}{section.7}% 47
\BOOKMARK [1][-]{section.8}{Abstract Surfaces}{}% 48
\BOOKMARK [2][-]{subsection.8.1}{Abstract Surfaces}{section.8}% 49
\BOOKMARK [2][-]{subsection.8.2}{Curves and Differentiation in Abstract Surfaces}{section.8}% 50
\BOOKMARK [2][-]{subsection.8.3}{Tangent vectors}{section.8}% 51
\BOOKMARK [2][-]{subsection.8.4}{Orientation}{section.8}% 52
\BOOKMARK [2][-]{subsection.8.5}{Tangent Bundle and Riemannian Metrics}{section.8}% 53
\BOOKMARK [2][-]{subsection.8.6}{The Hyperbolic Plane}{section.8}% 54
