\BOOKMARK [1][-]{section.1}{Network Theory Definitions}{}% 1
\BOOKMARK [2][-]{subsection.1.1}{Why study networks?}{section.1}% 2
\BOOKMARK [2][-]{subsection.1.2}{Network Theory Introduction}{section.1}% 3
\BOOKMARK [2][-]{subsection.1.3}{Network Measures}{section.1}% 4
\BOOKMARK [2][-]{subsection.1.4}{Clustering Coefficient}{section.1}% 5
\BOOKMARK [2][-]{subsection.1.5}{Centrality Measures}{section.1}% 6
\BOOKMARK [2][-]{subsection.1.6}{Sampling in networks}{section.1}% 7
\BOOKMARK [1][-]{section.2}{Random Graph Models}{}% 8
\BOOKMARK [2][-]{subsection.2.1}{Random Graph and Measures on Random Graphs}{section.2}% 9
\BOOKMARK [2][-]{subsection.2.2}{Equiprobable Random Graph}{section.2}% 10
\BOOKMARK [2][-]{subsection.2.3}{Poisson Random Graph Model}{section.2}% 11
\BOOKMARK [2][-]{subsection.2.4}{Phase Transitions and Diameter of Poisson Random Graph}{section.2}% 12
\BOOKMARK [2][-]{subsection.2.5}{Configuration Model}{section.2}% 13
\BOOKMARK [2][-]{subsection.2.6}{Markov Chains}{section.2}% 14
\BOOKMARK [2][-]{subsection.2.7}{MCMC Algorithms in Networks}{section.2}% 15
\BOOKMARK [2][-]{subsection.2.8}{Transformations for MCMC}{section.2}% 16
\BOOKMARK [1][-]{section.3}{Scale-Free Networks}{}% 17
\BOOKMARK [2][-]{subsection.3.1}{Scale-Free Networks}{section.3}% 18
\BOOKMARK [2][-]{subsection.3.2}{Discrete and Continuum Formalism of Degree Distribution}{section.3}% 19
\BOOKMARK [2][-]{subsection.3.3}{Hubs in scale-free networks}{section.3}% 20
\BOOKMARK [2][-]{subsection.3.4}{Scale-Free Property of Networks}{section.3}% 21
\BOOKMARK [2][-]{subsection.3.5}{Barab\341si-Albert Model}{section.3}% 22
\BOOKMARK [2][-]{subsection.3.6}{Degree Dynamics of Barab\341si-Albert Model}{section.3}% 23
\BOOKMARK [2][-]{subsection.3.7}{Watts-Strogatz Model}{section.3}% 24
\BOOKMARK [1][-]{section.4}{Network Robustness}{}% 25
\BOOKMARK [2][-]{subsection.4.1}{Percolation Theory}{section.4}% 26
\BOOKMARK [2][-]{subsection.4.2}{Molloy-Reed Criterion}{section.4}% 27
\BOOKMARK [2][-]{subsection.4.3}{Random Deletion of links}{section.4}% 28
\BOOKMARK [2][-]{subsection.4.4}{Attack Tolerance}{section.4}% 29
\BOOKMARK [1][-]{section.5}{Network Dynamics}{}% 30
\BOOKMARK [2][-]{subsection.5.1}{Threshold Models}{section.5}% 31
\BOOKMARK [2][-]{subsection.5.2}{Hypotheses under SIR Model}{section.5}% 32
\BOOKMARK [2][-]{subsection.5.3}{SIR Models}{section.5}% 33
\BOOKMARK [2][-]{subsection.5.4}{SIR Models with Networks}{section.5}% 34
\BOOKMARK [2][-]{subsection.5.5}{Connections of SIR Model to percolation theory}{section.5}% 35
\BOOKMARK [1][-]{section.6}{Dynamics on networks}{}% 36
\BOOKMARK [2][-]{subsection.6.1}{Dynamics on discrete models}{section.6}% 37
\BOOKMARK [2][-]{subsection.6.2}{Continuous-Time Approximations}{section.6}% 38
\BOOKMARK [3][-]{subsubsection.6.2.1}{Mean-Field Approximations}{subsection.6.2}% 39
\BOOKMARK [3][-]{subsubsection.6.2.2}{Pair Approximations}{subsection.6.2}% 40
\BOOKMARK [3][-]{subsubsection.6.2.3}{Approximate Master Equations}{subsection.6.2}% 41
\BOOKMARK [2][-]{subsection.6.3}{Games on networks}{section.6}% 42
\BOOKMARK [2][-]{subsection.6.4}{Linear Systems Review}{section.6}% 43
\BOOKMARK [2][-]{subsection.6.5}{Continuous-time Dynamics on Networks}{section.6}% 44
\BOOKMARK [2][-]{subsection.6.6}{Synchronisation in Continuous-time Dynamics on Networks}{section.6}% 45
\BOOKMARK [1][-]{section.7}{Statistical Models}{}% 46
\BOOKMARK [2][-]{subsection.7.1}{Metropolis Hastings MCMC}{section.7}% 47
\BOOKMARK [2][-]{subsection.7.2}{Exponential Random Graph Models}{section.7}% 48
\BOOKMARK [2][-]{subsection.7.3}{Metropolis Hastings Algorithm for Exponential Random Graph Model}{section.7}% 49
\BOOKMARK [2][-]{subsection.7.4}{Stochastic Block Models}{section.7}% 50
\BOOKMARK [2][-]{subsection.7.5}{Computational Inference Techniques}{section.7}% 51
\BOOKMARK [1][-]{section.8}{Communities}{}% 52
\BOOKMARK [2][-]{subsection.8.1}{Graph Bisection}{section.8}% 53
\BOOKMARK [2][-]{subsection.8.2}{Modularity Maximization}{section.8}% 54
\BOOKMARK [2][-]{subsection.8.3}{Spectral Methods}{section.8}% 55
\BOOKMARK [2][-]{subsection.8.4}{Label Propagation Methods}{section.8}% 56
