This is pdfTeX, Version 3.14159265-2.6-1.40.20 (TeX Live 2019) (preloaded format=pdflatex 2019.5.31)  11 JUN 2019 10:32
entering extended mode
 restricted \write18 enabled.
 %&-line parsing enabled.
**exam-notes.tex
(./exam-notes.tex
LaTeX2e <2018-12-01>
(/usr/local/texlive/2019/texmf-dist/tex/latex/base/article.cls
Document Class: article 2018/09/03 v1.4i Standard LaTeX document class
(/usr/local/texlive/2019/texmf-dist/tex/latex/base/size10.clo
File: size10.clo 2018/09/03 v1.4i Standard LaTeX file (size option)
)
\c@part=\count80
\c@section=\count81
\c@subsection=\count82
\c@subsubsection=\count83
\c@paragraph=\count84
\c@subparagraph=\count85
\c@figure=\count86
\c@table=\count87
\abovecaptionskip=\skip41
\belowcaptionskip=\skip42
\bibindent=\dimen102
)
(/usr/local/texlive/2019/texmf-dist/tex/latex/amsmath/amsmath.sty
Package: amsmath 2018/12/01 v2.17b AMS math features
\@mathmargin=\skip43

For additional information on amsmath, use the `?' option.
(/usr/local/texlive/2019/texmf-dist/tex/latex/amsmath/amstext.sty
Package: amstext 2000/06/29 v2.01 AMS text

(/usr/local/texlive/2019/texmf-dist/tex/latex/amsmath/amsgen.sty
File: amsgen.sty 1999/11/30 v2.0 generic functions
\@emptytoks=\toks14
\ex@=\dimen103
))
(/usr/local/texlive/2019/texmf-dist/tex/latex/amsmath/amsbsy.sty
Package: amsbsy 1999/11/29 v1.2d Bold Symbols
\pmbraise@=\dimen104
)
(/usr/local/texlive/2019/texmf-dist/tex/latex/amsmath/amsopn.sty
Package: amsopn 2016/03/08 v2.02 operator names
)
\inf@bad=\count88
LaTeX Info: Redefining \frac on input line 223.
\uproot@=\count89
\leftroot@=\count90
LaTeX Info: Redefining \overline on input line 385.
\classnum@=\count91
\DOTSCASE@=\count92
LaTeX Info: Redefining \ldots on input line 482.
LaTeX Info: Redefining \dots on input line 485.
LaTeX Info: Redefining \cdots on input line 606.
\Mathstrutbox@=\box27
\strutbox@=\box28
\big@size=\dimen105
LaTeX Font Info:    Redeclaring font encoding OML on input line 729.
LaTeX Font Info:    Redeclaring font encoding OMS on input line 730.
\macc@depth=\count93
\c@MaxMatrixCols=\count94
\dotsspace@=\muskip10
\c@parentequation=\count95
\dspbrk@lvl=\count96
\tag@help=\toks15
\row@=\count97
\column@=\count98
\maxfields@=\count99
\andhelp@=\toks16
\eqnshift@=\dimen106
\alignsep@=\dimen107
\tagshift@=\dimen108
\tagwidth@=\dimen109
\totwidth@=\dimen110
\lineht@=\dimen111
\@envbody=\toks17
\multlinegap=\skip44
\multlinetaggap=\skip45
\mathdisplay@stack=\toks18
LaTeX Info: Redefining \[ on input line 2844.
LaTeX Info: Redefining \] on input line 2845.
)
(/usr/local/texlive/2019/texmf-dist/tex/latex/amsfonts/amsfonts.sty
Package: amsfonts 2013/01/14 v3.01 Basic AMSFonts support
\symAMSa=\mathgroup4
\symAMSb=\mathgroup5
LaTeX Font Info:    Overwriting math alphabet `\mathfrak' in version `bold'
(Font)                  U/euf/m/n --> U/euf/b/n on input line 106.
)
(/usr/local/texlive/2019/texmf-dist/tex/latex/amsfonts/amssymb.sty
Package: amssymb 2013/01/14 v3.01 AMS font symbols
)
(/usr/local/texlive/2019/texmf-dist/tex/latex/graphics/graphicx.sty
Package: graphicx 2017/06/01 v1.1a Enhanced LaTeX Graphics (DPC,SPQR)

(/usr/local/texlive/2019/texmf-dist/tex/latex/graphics/keyval.sty
Package: keyval 2014/10/28 v1.15 key=value parser (DPC)
\KV@toks@=\toks19
)
(/usr/local/texlive/2019/texmf-dist/tex/latex/graphics/graphics.sty
Package: graphics 2017/06/25 v1.2c Standard LaTeX Graphics (DPC,SPQR)

(/usr/local/texlive/2019/texmf-dist/tex/latex/graphics/trig.sty
Package: trig 2016/01/03 v1.10 sin cos tan (DPC)
)
(/usr/local/texlive/2019/texmf-dist/tex/latex/graphics-cfg/graphics.cfg
File: graphics.cfg 2016/06/04 v1.11 sample graphics configuration
)
Package graphics Info: Driver file: pdftex.def on input line 99.

(/usr/local/texlive/2019/texmf-dist/tex/latex/graphics-def/pdftex.def
File: pdftex.def 2018/01/08 v1.0l Graphics/color driver for pdftex
))
\Gin@req@height=\dimen112
\Gin@req@width=\dimen113
)
(/usr/local/texlive/2019/texmf-dist/tex/latex/mathtools/mathtools.sty
Package: mathtools 2018/01/08 v1.21 mathematical typesetting tools

(/usr/local/texlive/2019/texmf-dist/tex/latex/tools/calc.sty
Package: calc 2017/05/25 v4.3 Infix arithmetic (KKT,FJ)
\calc@Acount=\count100
\calc@Bcount=\count101
\calc@Adimen=\dimen114
\calc@Bdimen=\dimen115
\calc@Askip=\skip46
\calc@Bskip=\skip47
LaTeX Info: Redefining \setlength on input line 80.
LaTeX Info: Redefining \addtolength on input line 81.
\calc@Ccount=\count102
\calc@Cskip=\skip48
)
(/usr/local/texlive/2019/texmf-dist/tex/latex/mathtools/mhsetup.sty
Package: mhsetup 2017/03/31 v1.3 programming setup (MH)
)
LaTeX Info: Thecontrolsequence`\('isalreadyrobust on input line 129.
LaTeX Info: Thecontrolsequence`\)'isalreadyrobust on input line 129.
LaTeX Info: Thecontrolsequence`\['isalreadyrobust on input line 129.
LaTeX Info: Thecontrolsequence`\]'isalreadyrobust on input line 129.
\g_MT_multlinerow_int=\count103
\l_MT_multwidth_dim=\dimen116
\origjot=\skip49
\l_MT_shortvdotswithinadjustabove_dim=\dimen117
\l_MT_shortvdotswithinadjustbelow_dim=\dimen118
\l_MT_above_intertext_sep=\dimen119
\l_MT_below_intertext_sep=\dimen120
\l_MT_above_shortintertext_sep=\dimen121
\l_MT_below_shortintertext_sep=\dimen122
)
(/usr/local/texlive/2019/texmf-dist/tex/latex/breqn/flexisym.sty
(/usr/local/texlive/2019/texmf-dist/tex/latex/l3kernel/expl3.sty
Package: expl3 2019-05-07 L3 programming layer (loader) 

(/usr/local/texlive/2019/texmf-dist/tex/latex/l3kernel/expl3-code.tex
Package: expl3 2019-05-07 L3 programming layer (code)
\c_max_int=\count104
\l_tmpa_int=\count105
\l_tmpb_int=\count106
\g_tmpa_int=\count107
\g_tmpb_int=\count108
\g__kernel_prg_map_int=\count109
\c__ior_term_ior=\count110
\c_log_iow=\count111
\l_iow_line_count_int=\count112
\l__iow_line_target_int=\count113
\l__iow_one_indent_int=\count114
\l__iow_indent_int=\count115
\c_zero_dim=\dimen123
\c_max_dim=\dimen124
\l_tmpa_dim=\dimen125
\l_tmpb_dim=\dimen126
\g_tmpa_dim=\dimen127
\g_tmpb_dim=\dimen128
\c_zero_skip=\skip50
\c_max_skip=\skip51
\l_tmpa_skip=\skip52
\l_tmpb_skip=\skip53
\g_tmpa_skip=\skip54
\g_tmpb_skip=\skip55
\c_zero_muskip=\muskip11
\c_max_muskip=\muskip12
\l_tmpa_muskip=\muskip13
\l_tmpb_muskip=\muskip14
\g_tmpa_muskip=\muskip15
\g_tmpb_muskip=\muskip16
\l_keys_choice_int=\count116
\l__intarray_loop_int=\count117
\c__intarray_sp_dim=\dimen129
\g__intarray_font_int=\count118
\c__fp_leading_shift_int=\count119
\c__fp_middle_shift_int=\count120
\c__fp_trailing_shift_int=\count121
\c__fp_big_leading_shift_int=\count122
\c__fp_big_middle_shift_int=\count123
\c__fp_big_trailing_shift_int=\count124
\c__fp_Bigg_leading_shift_int=\count125
\c__fp_Bigg_middle_shift_int=\count126
\c__fp_Bigg_trailing_shift_int=\count127
\c__kernel_randint_max_int=\count128
\g__fp_array_int=\count129
\l__fp_array_loop_int=\count130
\l__sort_length_int=\count131
\l__sort_min_int=\count132
\l__sort_top_int=\count133
\l__sort_max_int=\count134
\l__sort_true_max_int=\count135
\l__sort_block_int=\count136
\l__sort_begin_int=\count137
\l__sort_end_int=\count138
\l__sort_A_int=\count139
\l__sort_B_int=\count140
\l__sort_C_int=\count141
\l__tl_analysis_normal_int=\count142
\l__tl_analysis_index_int=\count143
\l__tl_analysis_nesting_int=\count144
\l__tl_analysis_type_int=\count145
\l__regex_internal_a_int=\count146
\l__regex_internal_b_int=\count147
\l__regex_internal_c_int=\count148
\l__regex_balance_int=\count149
\l__regex_group_level_int=\count150
\l__regex_mode_int=\count151
\c__regex_cs_in_class_mode_int=\count152
\c__regex_cs_mode_int=\count153
\l__regex_catcodes_int=\count154
\l__regex_default_catcodes_int=\count155
\c__regex_catcode_D_int=\count156
\c__regex_catcode_S_int=\count157
\c__regex_catcode_L_int=\count158
\c__regex_catcode_O_int=\count159
\c__regex_catcode_A_int=\count160
\c__regex_all_catcodes_int=\count161
\l__regex_show_lines_int=\count162
\l__regex_min_state_int=\count163
\l__regex_max_state_int=\count164
\l__regex_left_state_int=\count165
\l__regex_right_state_int=\count166
\l__regex_capturing_group_int=\count167
\l__regex_min_pos_int=\count168
\l__regex_max_pos_int=\count169
\l__regex_curr_pos_int=\count170
\l__regex_start_pos_int=\count171
\l__regex_success_pos_int=\count172
\l__regex_curr_char_int=\count173
\l__regex_curr_catcode_int=\count174
\l__regex_last_char_int=\count175
\l__regex_case_changed_char_int=\count176
\l__regex_curr_state_int=\count177
\l__regex_step_int=\count178
\l__regex_min_active_int=\count179
\l__regex_max_active_int=\count180
\l__regex_replacement_csnames_int=\count181
\l__regex_match_count_int=\count182
\l__regex_min_submatch_int=\count183
\l__regex_submatch_int=\count184
\l__regex_zeroth_submatch_int=\count185
\g__regex_trace_regex_int=\count186
\c_empty_box=\box29
\l_tmpa_box=\box30
\l_tmpb_box=\box31
\g_tmpa_box=\box32
\g_tmpb_box=\box33
\l__box_top_dim=\dimen130
\l__box_bottom_dim=\dimen131
\l__box_left_dim=\dimen132
\l__box_right_dim=\dimen133
\l__box_top_new_dim=\dimen134
\l__box_bottom_new_dim=\dimen135
\l__box_left_new_dim=\dimen136
\l__box_right_new_dim=\dimen137
\l__box_internal_box=\box34
\l__coffin_internal_box=\box35
\l__coffin_internal_dim=\dimen138
\l__coffin_offset_x_dim=\dimen139
\l__coffin_offset_y_dim=\dimen140
\l__coffin_x_dim=\dimen141
\l__coffin_y_dim=\dimen142
\l__coffin_x_prime_dim=\dimen143
\l__coffin_y_prime_dim=\dimen144
\c_empty_coffin=\box36
\l__coffin_aligned_coffin=\box37
\l__coffin_aligned_internal_coffin=\box38
\l_tmpa_coffin=\box39
\l_tmpb_coffin=\box40
\g_tmpa_coffin=\box41
\g_tmpb_coffin=\box42
\l__coffin_bounding_shift_dim=\dimen145
\l__coffin_left_corner_dim=\dimen146
\l__coffin_right_corner_dim=\dimen147
\l__coffin_bottom_corner_dim=\dimen148
\l__coffin_top_corner_dim=\dimen149
\l__coffin_scaled_total_height_dim=\dimen150
\l__coffin_scaled_width_dim=\dimen151
\c__coffin_empty_coffin=\box43
\l__coffin_display_coffin=\box44
\l__coffin_display_coord_coffin=\box45
\l__coffin_display_pole_coffin=\box46
\l__coffin_display_offset_dim=\dimen152
\l__coffin_display_x_dim=\dimen153
\l__coffin_display_y_dim=\dimen154
\g__file_internal_ior=\read1
\l__seq_internal_a_int=\count187
\l__seq_internal_b_int=\count188
\c__deprecation_minus_one=\count189
)
(/usr/local/texlive/2019/texmf-dist/tex/latex/l3kernel/l3pdfmode.def
File: l3pdfmode.def 2019-04-06 v L3 Experimental driver: PDF mode
\l__driver_color_stack_int=\count190
\l__driver_pdf_tmp_box=\box47
))
Package: flexisym 2017/01/27 v0.98e Make math characters macros
LaTeX Info: Redefining \textprime on input line 300.
LaTeX Info: Redefining \not on input line 358.

(/usr/local/texlive/2019/texmf-dist/tex/latex/breqn/cmbase.sym
File: cmbase.sym 2007/12/19 v0.92
LaTeX Info: Redefining \hbar on input line 325.
LaTeX Info: Redefining \surd on input line 327.
LaTeX Info: Redefining \angle on input line 335.
LaTeX Info: Redefining \neq on input line 336.
LaTeX Info: Redefining \mapsto on input line 337.
LaTeX Info: Redefining \cong on input line 338.
LaTeX Info: Redefining \notin on input line 341.
LaTeX Info: Redefining \rightleftharpoons on input line 342.
LaTeX Info: Redefining \doteq on input line 343.
LaTeX Info: Redefining \hookrightarrow on input line 344.
LaTeX Info: Redefining \hookleftarrow on input line 345.
LaTeX Info: Redefining \bowtie on input line 346.
LaTeX Info: Redefining \models on input line 347.
LaTeX Info: Redefining \Longrightarrow on input line 348.
LaTeX Info: Redefining \longrightarrow on input line 349.
LaTeX Info: Redefining \Longleftarrow on input line 350.
LaTeX Info: Redefining \longleftarrow on input line 351.
LaTeX Info: Redefining \longmapsto on input line 352.
LaTeX Info: Redefining \longleftrightarrow on input line 353.
LaTeX Info: Redefining \Longleftrightarrow on input line 354.
LaTeX Info: Redefining \cdots on input line 358.
LaTeX Info: Redefining \vdots on input line 361.
LaTeX Info: Redefining \ddots on input line 366.
)
(/usr/local/texlive/2019/texmf-dist/tex/latex/breqn/mathstyle.sty
Package: mathstyle 2017/01/27 0.98e Tracking mathstyle implicitly
LaTeX Info: Redefining \displaystyle on input line 93.
LaTeX Info: Redefining \textstyle on input line 95.
LaTeX Info: Redefining \scriptstyle on input line 97.
LaTeX Info: Redefining \scriptscriptstyle on input line 99.
LaTeX Info: Redefining \genfrac on input line 145.
))
(/usr/local/texlive/2019/texmf-dist/tex/latex/hyperref/hyperref.sty
Package: hyperref 2018/11/30 v6.88e Hypertext links for LaTeX

(/usr/local/texlive/2019/texmf-dist/tex/generic/oberdiek/hobsub-hyperref.sty
Package: hobsub-hyperref 2016/05/16 v1.14 Bundle oberdiek, subset hyperref (HO)


(/usr/local/texlive/2019/texmf-dist/tex/generic/oberdiek/hobsub-generic.sty
Package: hobsub-generic 2016/05/16 v1.14 Bundle oberdiek, subset generic (HO)
Package: hobsub 2016/05/16 v1.14 Construct package bundles (HO)
Package: infwarerr 2016/05/16 v1.4 Providing info/warning/error messages (HO)
Package: ltxcmds 2016/05/16 v1.23 LaTeX kernel commands for general use (HO)
Package: ifluatex 2016/05/16 v1.4 Provides the ifluatex switch (HO)
Package ifluatex Info: LuaTeX not detected.
Package: ifvtex 2016/05/16 v1.6 Detect VTeX and its facilities (HO)
Package ifvtex Info: VTeX not detected.
Package: intcalc 2016/05/16 v1.2 Expandable calculations with integers (HO)
Package: ifpdf 2018/09/07 v3.3 Provides the ifpdf switch
Package: etexcmds 2016/05/16 v1.6 Avoid name clashes with e-TeX commands (HO)
Package: kvsetkeys 2016/05/16 v1.17 Key value parser (HO)
Package: kvdefinekeys 2016/05/16 v1.4 Define keys (HO)
Package: pdftexcmds 2018/09/10 v0.29 Utility functions of pdfTeX for LuaTeX (HO
)
Package pdftexcmds Info: LuaTeX not detected.
Package pdftexcmds Info: \pdf@primitive is available.
Package pdftexcmds Info: \pdf@ifprimitive is available.
Package pdftexcmds Info: \pdfdraftmode found.
Package: pdfescape 2016/05/16 v1.14 Implements pdfTeX's escape features (HO)
Package: bigintcalc 2016/05/16 v1.4 Expandable calculations on big integers (HO
)
Package: bitset 2016/05/16 v1.2 Handle bit-vector datatype (HO)
Package: uniquecounter 2016/05/16 v1.3 Provide unlimited unique counter (HO)
)
Package hobsub Info: Skipping package `hobsub' (already loaded).
Package: letltxmacro 2016/05/16 v1.5 Let assignment for LaTeX macros (HO)
Package: hopatch 2016/05/16 v1.3 Wrapper for package hooks (HO)
Package: xcolor-patch 2016/05/16 xcolor patch
Package: atveryend 2016/05/16 v1.9 Hooks at the very end of document (HO)
Package atveryend Info: \enddocument detected (standard20110627).
Package: atbegshi 2016/06/09 v1.18 At begin shipout hook (HO)
Package: refcount 2016/05/16 v3.5 Data extraction from label references (HO)
Package: hycolor 2016/05/16 v1.8 Color options for hyperref/bookmark (HO)
)
(/usr/local/texlive/2019/texmf-dist/tex/generic/ifxetex/ifxetex.sty
Package: ifxetex 2010/09/12 v0.6 Provides ifxetex conditional
)
(/usr/local/texlive/2019/texmf-dist/tex/latex/oberdiek/auxhook.sty
Package: auxhook 2016/05/16 v1.4 Hooks for auxiliary files (HO)
)
(/usr/local/texlive/2019/texmf-dist/tex/latex/oberdiek/kvoptions.sty
Package: kvoptions 2016/05/16 v3.12 Key value format for package options (HO)
)
\@linkdim=\dimen155
\Hy@linkcounter=\count191
\Hy@pagecounter=\count192

(/usr/local/texlive/2019/texmf-dist/tex/latex/hyperref/pd1enc.def
File: pd1enc.def 2018/11/30 v6.88e Hyperref: PDFDocEncoding definition (HO)
Now handling font encoding PD1 ...
... no UTF-8 mapping file for font encoding PD1
)
\Hy@SavedSpaceFactor=\count193

(/usr/local/texlive/2019/texmf-dist/tex/latex/latexconfig/hyperref.cfg
File: hyperref.cfg 2002/06/06 v1.2 hyperref configuration of TeXLive
)
Package hyperref Info: Hyper figures OFF on input line 4519.
Package hyperref Info: Link nesting OFF on input line 4524.
Package hyperref Info: Hyper index ON on input line 4527.
Package hyperref Info: Plain pages OFF on input line 4534.
Package hyperref Info: Backreferencing OFF on input line 4539.
Package hyperref Info: Implicit mode ON; LaTeX internals redefined.
Package hyperref Info: Bookmarks ON on input line 4772.
\c@Hy@tempcnt=\count194

(/usr/local/texlive/2019/texmf-dist/tex/latex/url/url.sty
\Urlmuskip=\muskip17
Package: url 2013/09/16  ver 3.4  Verb mode for urls, etc.
)
LaTeX Info: Redefining \url on input line 5125.
\XeTeXLinkMargin=\dimen156
\Fld@menulength=\count195
\Field@Width=\dimen157
\Fld@charsize=\dimen158
Package hyperref Info: Hyper figures OFF on input line 6380.
Package hyperref Info: Link nesting OFF on input line 6385.
Package hyperref Info: Hyper index ON on input line 6388.
Package hyperref Info: backreferencing OFF on input line 6395.
Package hyperref Info: Link coloring OFF on input line 6400.
Package hyperref Info: Link coloring with OCG OFF on input line 6405.
Package hyperref Info: PDF/A mode OFF on input line 6410.
LaTeX Info: Redefining \ref on input line 6450.
LaTeX Info: Redefining \pageref on input line 6454.
\Hy@abspage=\count196
\c@Item=\count197
\c@Hfootnote=\count198
)
Package hyperref Info: Driver (autodetected): hpdftex.

(/usr/local/texlive/2019/texmf-dist/tex/latex/hyperref/hpdftex.def
File: hpdftex.def 2018/11/30 v6.88e Hyperref driver for pdfTeX
\Fld@listcount=\count199
\c@bookmark@seq@number=\count266

(/usr/local/texlive/2019/texmf-dist/tex/latex/oberdiek/rerunfilecheck.sty
Package: rerunfilecheck 2016/05/16 v1.8 Rerun checks for auxiliary files (HO)
Package uniquecounter Info: New unique counter `rerunfilecheck' on input line 2
82.
)
\Hy@SectionHShift=\skip56
)
\c@lecnum=\count267
\c@theorem=\count268
Package hyperref Info: Option `colorlinks' set `true' on input line 101.

(/usr/local/texlive/2019/texmf-dist/tex/latex/tocloft/tocloft.sty
Package: tocloft 2017/08/31 v2.3i parameterised ToC, etc., typesetting
Package tocloft Info: The document has section divisions on input line 51.
\cftparskip=\skip57
\cftbeforetoctitleskip=\skip58
\cftaftertoctitleskip=\skip59
\cftbeforepartskip=\skip60
\cftpartnumwidth=\skip61
\cftpartindent=\skip62
\cftbeforesecskip=\skip63
\cftsecindent=\skip64
\cftsecnumwidth=\skip65
\cftbeforesubsecskip=\skip66
\cftsubsecindent=\skip67
\cftsubsecnumwidth=\skip68
\cftbeforesubsubsecskip=\skip69
\cftsubsubsecindent=\skip70
\cftsubsubsecnumwidth=\skip71
\cftbeforeparaskip=\skip72
\cftparaindent=\skip73
\cftparanumwidth=\skip74
\cftbeforesubparaskip=\skip75
\cftsubparaindent=\skip76
\cftsubparanumwidth=\skip77
\cftbeforeloftitleskip=\skip78
\cftafterloftitleskip=\skip79
\cftbeforefigskip=\skip80
\cftfigindent=\skip81
\cftfignumwidth=\skip82
\c@lofdepth=\count269
\c@lotdepth=\count270
\cftbeforelottitleskip=\skip83
\cftafterlottitleskip=\skip84
\cftbeforetabskip=\skip85
\cfttabindent=\skip86
\cfttabnumwidth=\skip87
)
(./exam-notes.aux)
\openout1 = `exam-notes.aux'.

LaTeX Font Info:    Checking defaults for OML/cmm/m/it on input line 115.
LaTeX Font Info:    ... okay on input line 115.
LaTeX Font Info:    Checking defaults for T1/cmr/m/n on input line 115.
LaTeX Font Info:    ... okay on input line 115.
LaTeX Font Info:    Checking defaults for OT1/cmr/m/n on input line 115.
LaTeX Font Info:    ... okay on input line 115.
LaTeX Font Info:    Checking defaults for OMS/cmsy/m/n on input line 115.
LaTeX Font Info:    ... okay on input line 115.
LaTeX Font Info:    Checking defaults for OMX/cmex/m/n on input line 115.
LaTeX Font Info:    ... okay on input line 115.
LaTeX Font Info:    Checking defaults for U/cmr/m/n on input line 115.
LaTeX Font Info:    ... okay on input line 115.
LaTeX Font Info:    Checking defaults for PD1/pdf/m/n on input line 115.
LaTeX Font Info:    ... okay on input line 115.

(/usr/local/texlive/2019/texmf-dist/tex/context/base/mkii/supp-pdf.mkii
[Loading MPS to PDF converter (version 2006.09.02).]
\scratchcounter=\count271
\scratchdimen=\dimen159
\scratchbox=\box48
\nofMPsegments=\count272
\nofMParguments=\count273
\everyMPshowfont=\toks20
\MPscratchCnt=\count274
\MPscratchDim=\dimen160
\MPnumerator=\count275
\makeMPintoPDFobject=\count276
\everyMPtoPDFconversion=\toks21
) (/usr/local/texlive/2019/texmf-dist/tex/latex/oberdiek/epstopdf-base.sty
Package: epstopdf-base 2016/05/15 v2.6 Base part for package epstopdf

(/usr/local/texlive/2019/texmf-dist/tex/latex/oberdiek/grfext.sty
Package: grfext 2016/05/16 v1.2 Manage graphics extensions (HO)
)
Package epstopdf-base Info: Redefining graphics rule for `.eps' on input line 4
38.
Package grfext Info: Graphics extension search list:
(grfext)             [.pdf,.png,.jpg,.mps,.jpeg,.jbig2,.jb2,.PDF,.PNG,.JPG,.JPE
G,.JBIG2,.JB2,.eps]
(grfext)             \AppendGraphicsExtensions on input line 456.

(/usr/local/texlive/2019/texmf-dist/tex/latex/latexconfig/epstopdf-sys.cfg
File: epstopdf-sys.cfg 2010/07/13 v1.3 Configuration of (r)epstopdf for TeX Liv
e
))
\AtBeginShipoutBox=\box49

(/usr/local/texlive/2019/texmf-dist/tex/latex/graphics/color.sty
Package: color 2016/07/10 v1.1e Standard LaTeX Color (DPC)

(/usr/local/texlive/2019/texmf-dist/tex/latex/graphics-cfg/color.cfg
File: color.cfg 2016/01/02 v1.6 sample color configuration
)
Package color Info: Driver file: pdftex.def on input line 147.
)
Package hyperref Info: Link coloring ON on input line 115.

(/usr/local/texlive/2019/texmf-dist/tex/latex/hyperref/nameref.sty
Package: nameref 2016/05/21 v2.44 Cross-referencing by name of section

(/usr/local/texlive/2019/texmf-dist/tex/generic/oberdiek/gettitlestring.sty
Package: gettitlestring 2016/05/16 v1.5 Cleanup title references (HO)
)
\c@section@level=\count277
)
LaTeX Info: Redefining \ref on input line 115.
LaTeX Info: Redefining \pageref on input line 115.
LaTeX Info: Redefining \nameref on input line 115.

(./exam-notes.out) (./exam-notes.out)
\@outlinefile=\write3
\openout3 = `exam-notes.out'.

LaTeX Font Info:    Try loading font information for U+msa on input line 119.

(/usr/local/texlive/2019/texmf-dist/tex/latex/amsfonts/umsa.fd
File: umsa.fd 2013/01/14 v3.01 AMS symbols A
)
LaTeX Font Info:    Try loading font information for U+msb on input line 119.

(/usr/local/texlive/2019/texmf-dist/tex/latex/amsfonts/umsb.fd
File: umsb.fd 2013/01/14 v3.01 AMS symbols B
) [1

{/usr/local/texlive/2019/texmf-var/fonts/map/pdftex/updmap/pdftex.map}] (./exam
-notes.tocpdfTeX warning (ext4): destination with the same identifier (name{pag
e.}) has been already used, duplicate ignored
<to be read again> 
                   \relax 
l.45 ...es of separable spaces}{1}{subsection.8.4}
                                                  % [2]
Overfull \hbox (1.19429pt too wide) detected at line 57
\OT1/cmr/bx/n/10 26.10 
 []


Overfull \hbox (1.19429pt too wide) detected at line 61
\OT1/cmr/bx/n/10 29.11 
 []


Overfull \hbox (1.19429pt too wide) detected at line 64
\OT1/cmr/bx/n/10 30.12 
 []


Overfull \hbox (1.19429pt too wide) detected at line 71
\OT1/cmr/bx/n/10 36.13 
 []

)
\tf@toc=\write4
\openout4 = `exam-notes.toc'.

pdfTeX warning (ext4): destination with the same identifier (name{page.}) has b
een already used, duplicate ignored
<to be read again> 
                   \relax 
l.124 \newpage
               [3]
Overfull \hbox (21.48203pt too wide) in paragraph at lines 143--144
[]\OT1/cmr/m/n/10 A met-ric on a set is not in-duced by a norm un-less the met-
ric is $[]$ and $[]$. 
 []

<./Images/Relationship.png, id=396, 811.03pt x 777.90625pt>
File: ./Images/Relationship.png Graphic file (type png)
<use ./Images/Relationship.png>
Package pdftex.def Info: ./Images/Relationship.png  used on input line 171.
(pdftex.def)             Requested size: 426.79953pt x 284.53284pt.
<./Images/Completeness.png, id=398, 801.99625pt x 377.41pt>
File: ./Images/Completeness.png Graphic file (type png)
<use ./Images/Completeness.png>
Package pdftex.def Info: ./Images/Completeness.png  used on input line 178.
(pdftex.def)             Requested size: 426.7937pt x 256.07103pt.
[1] [2 <./Images/Relationship.png> <./Images/Completeness.png>]pdfTeX warning (
ext4): destination with the same identifier (name{page.1}) has been already use
d, duplicate ignored
<to be read again> 
                   \relax 
l.232 $$
         [1]pdfTeX warning (ext4): destination with the same identifier (name{p
age.2}) has been already used, duplicate ignored
<to be read again> 
                   \relax 
l.261 \section{Normed Vector Spaces}
                                     [2]pdfTeX warning (ext4): destination with
 the same identifier (name{page.1}) has been already used, duplicate ignored
<to be read again> 
                   \relax 
l.321 $$
         [1]pdfTeX warning (ext4): destination with the same identifier (name{p
age.2}) has been already used, duplicate ignored
<to be read again> 
                   \relax 
l.369 \section{Metric Spaces}
                              [2]pdfTeX warning (ext4): destination with the sa
me identifier (name{page.1}) has been already used, duplicate ignored
<to be read again> 
                   \relax 
l.399 \section{Topology of a Metric Space}
                                           [1]pdfTeX warning (ext4): destinatio
n with the same identifier (name{page.1}) has been already used, duplicate igno
red
<to be read again> 
                   \relax 
l.446 $$
         [1]pdfTeX warning (ext4): destination with the same identifier (name{p
age.2}) has been already used, duplicate ignored
<to be read again> 
                   \relax 
l.499 \section{Topology of a Metric Space}
                                           [2]pdfTeX warning (ext4): destinatio
n with the same identifier (name{page.1}) has been already used, duplicate igno
red
<to be read again> 
                   \relax 
l.542 $$
         [1]
Overfull \hbox (9.47414pt too wide) in paragraph at lines 551--552
[]\OT1/cmr/m/it/10 (Strongly equiv-a-lent). Two met-rics d and $\OML/cmm/m/it/1
0 ^^Z$ \OT1/cmr/m/it/10 on the same set X are called $[]$
 []


Overfull \hbox (7.14845pt too wide) in paragraph at lines 558--559
[]\OT1/cmr/m/it/10 A suf-fi-cient con-di-tion for two met-rics d and $\OML/cmm/
m/it/10 ^^Z$ \OT1/cmr/m/it/10 on the same set X to be $[]$
 []

pdfTeX warning (ext4): destination with the same identifier (name{page.2}) has 
been already used, duplicate ignored
<to be read again> 
                   \relax 
l.572 \section{Topology of a Metric Space}
                                           [2]pdfTeX warning (ext4): destinatio
n with the same identifier (name{page.1}) has been already used, duplicate igno
red
<to be read again> 
                   \relax 
l.623 \end{lemma}
                  [1]pdfTeX warning (ext4): destination with the same identifie
r (name{page.2}) has been already used, duplicate ignored
<to be read again> 
                   \relax 
l.675 \end{remark}
                   [2] [3]pdfTeX warning (ext4): destination with the same iden
tifier (name{page.1}) has been already used, duplicate ignored
<to be read again> 
                   \relax 
l.743 \end{definition}
                       [1]pdfTeX warning (ext4): destination with the same iden
tifier (name{page.2}) has been already used, duplicate ignored
<to be read again> 
                   \relax 
l.782 \section{Topology of a Metric Space}
                                           [2]
LaTeX Font Info:    Try loading font information for OMS+cmr on input line 797.


(/usr/local/texlive/2019/texmf-dist/tex/latex/base/omscmr.fd
File: omscmr.fd 2014/09/29 v2.5h Standard LaTeX font definitions
)
LaTeX Font Info:    Font shape `OMS/cmr/m/it' in size <10> not available
(Font)              Font shape `OMS/cmsy/m/n' tried instead on input line 797.
pdfTeX warning (ext4): destination with the same identifier (name{page.1}) has 
been already used, duplicate ignored
<to be read again> 
                   \relax 
l.832 \end{example}
                    [1]pdfTeX warning (ext4): destination with the same identif
ier (name{page.2}) has been already used, duplicate ignored
<to be read again> 
                   \relax 
l.883 \end{theorem}
                    [2]pdfTeX warning (ext4): destination with the same identif
ier (name{page.3}) has been already used, duplicate ignored
<to be read again> 
                   \relax 
l.892 \section{Topology of a Metric Space}
                                           [3]pdfTeX warning (ext4): destinatio
n with the same identifier (name{page.1}) has been already used, duplicate igno
red
<to be read again> 
                   \relax 
l.943 \begin{theorem}(
                      Bolzano-Weierstrass theorem). Let $\{x_n\}_{n \geq 1}$...
[1]pdfTeX warning (ext4): destination with the same identifier (name{page.2}) h
as been already used, duplicate ignored
<to be read again> 
                   \relax 
l.981 \end{theorem}
                    [2]pdfTeX warning (ext4): destination with the same identif
ier (name{page.3}) has been already used, duplicate ignored
<to be read again> 
                   \relax 
l.987 \section{Topology of a Metric Space}
                                           [3]pdfTeX warning (ext4): destinatio
n with the same identifier (name{page.1}) has been already used, duplicate igno
red
<to be read again> 
                   \relax 
l.1016 \section{Topology of a Metric Space}
                                            [1]pdfTeX warning (ext4): destinati
on with the same identifier (name{page.1}) has been already used, duplicate ign
ored
<to be read again> 
                   \relax 
l.1071 \end{theorem}
                     [1]pdfTeX warning (ext4): destination with the same identi
fier (name{page.2}) has been already used, duplicate ignored
<to be read again> 
                   \relax 
l.1090 \section{Continuous Functions}
                                      [2]pdfTeX warning (ext4): destination wit
h the same identifier (name{page.1}) has been already used, duplicate ignored
<to be read again> 
                   \relax 
l.1131 \item f
               is continuous; [1]pdfTeX warning (ext4): destination with the sa
me identifier (name{page.2}) has been already used, duplicate ignored
<to be read again> 
                   \relax 
l.1177 \item $
              f(\bar{A}) = \overline{f(A)}$. [2]pdfTeX warning (ext4): destinat
ion with the same identifier (name{page.3}) has been already used, duplicate ig
nored
<to be read again> 
                   \relax 
l.1185 \section{Continuous Functions}
                                      [3]pdfTeX warning (ext4): destination wit
h the same identifier (name{page.1}) has been already used, duplicate ignored
<to be read again> 
                   \relax 
l.1227 \end{enumerate}
                       [1]pdfTeX warning (ext4): destination with the same iden
tifier (name{page.2}) has been already used, duplicate ignored
<to be read again> 
                   \relax 
l.1267 \section{Continuous Functions}
                                      [2]
Overfull \hbox (26.82457pt too wide) in paragraph at lines 1278--1279
\OT1/cmr/m/it/10 topo-log-i-cal spaces is se-quen-tially con-tin-u-ous. Con-ver
sely, ev-ery se-quen-tially con-tin-u-ous map from a $[]$
 []

pdfTeX warning (ext4): destination with the same identifier (name{page.1}) has 
been already used, duplicate ignored
<to be read again> 
                   \relax 
l.1304 
        [1]pdfTeX warning (ext4): destination with the same identifier (name{pa
ge.2}) has been already used, duplicate ignored
<to be read again> 
                   \relax 
l.1319 \section{Uniform Continuity}
                                    [2]pdfTeX warning (ext4): destination with 
the same identifier (name{page.1}) has been already used, duplicate ignored
<to be read again> 
                   \relax 
l.1367 \end{theorem}
                     [1]pdfTeX warning (ext4): destination with the same identi
fier (name{page.2}) has been already used, duplicate ignored
<to be read again> 
                   \relax 
l.1391 \section{Uniform Continuity}
                                    [2]pdfTeX warning (ext4): destination with 
the same identifier (name{page.1}) has been already used, duplicate ignored
<to be read again> 
                   \relax 
l.1411 \section{Uniform Continuity}
                                    [1]pdfTeX warning (ext4): destination with 
the same identifier (name{page.1}) has been already used, duplicate ignored
<to be read again> 
                   \relax 
l.1418 \section{Base of a topology}
                                    [1]
Overfull \hbox (24.5471pt too wide) in paragraph at lines 1451--1452
[]\OT1/cmr/m/it/10 (Generating topolo-gies from a col-lec-tion of sub-sets of a
 set). A col-lec-tion $\OMS/cmsy/m/n/10 B$ \OT1/cmr/m/it/10 of $[]$
 []

pdfTeX warning (ext4): destination with the same identifier (name{page.1}) has 
been already used, duplicate ignored
<to be read again> 
                   \relax 
l.1454 \item I
              f x belongs to the intersection $U \cap V$ of two members U an...
[1]pdfTeX warning (ext4): destination with the same identifier (name{page.2}) h
as been already used, duplicate ignored
<to be read again> 
                   \relax 
l.1494 ...ble spaces, separability, and Lindelöf}
                                                   [2]pdfTeX warning (ext4): de
stination with the same identifier (name{page.1}) has been already used, duplic
ate ignored
<to be read again> 
                   \relax 
l.1546 \end{lemma}
                   [1]
LaTeX Font Info:    Font shape `OMS/cmr/m/n' in size <10> not available
(Font)              Font shape `OMS/cmsy/m/n' tried instead on input line 1567.


Underfull \hbox (badness 10000) in paragraph at lines 1570--1573

 []

pdfTeX warning (ext4): destination with the same identifier (name{page.2}) has 
been already used, duplicate ignored
<to be read again> 
                   \relax 
l.1598 \section{Separable Metric spaces}
                                         [2]pdfTeX warning (ext4): destination 
with the same identifier (name{page.1}) has been already used, duplicate ignore
d
<to be read again> 
                   \relax 
l.1648 \end{definition}
                        [1]pdfTeX warning (ext4): destination with the same ide
ntifier (name{page.2}) has been already used, duplicate ignored
<to be read again> 
                   \relax 
l.1689 \section{Compactness}
                             [2]pdfTeX warning (ext4): destination with the sam
e identifier (name{page.1}) has been already used, duplicate ignored
<to be read again> 
                   \relax 
l.1737 \end{enumerate}
                       [1]
<./Images/Compactness-Characterisation.pdf, id=1001, 553.68404pt x 261.24251pt>

File: ./Images/Compactness-Characterisation.pdf Graphic file (type pdf)
<use ./Images/Compactness-Characterisation.pdf>
Package pdftex.def Info: ./Images/Compactness-Characterisation.pdf  used on inp
ut line 1757.
(pdftex.def)             Requested size: 426.81114pt x 284.54936pt.
pdfTeX warning (ext4): destination with the same identifier (name{page.2}) has 
been already used, duplicate ignored
<to be read again> 
                   \relax 
l.1764 \section{Compactness}
                             [2 <./Images/Compactness-Characterisation.pdf>]pdf
TeX warning (ext4): destination with the same identifier (name{page.1}) has bee
n already used, duplicate ignored
<to be read again> 
                   \relax 
l.1811 \end{proposition}
                         [1]
<./Images/Separation-Axioms.png, id=1048, 977.6525pt x 708.6475pt>
File: ./Images/Separation-Axioms.png Graphic file (type png)
<use ./Images/Separation-Axioms.png>
Package pdftex.def Info: ./Images/Separation-Axioms.png  used on input line 185
3.
(pdftex.def)             Requested size: 483.70827pt x 398.34291pt.

Overfull \hbox (13.95328pt too wide) in paragraph at lines 1853--1854
[][] 
 []


Package hyperref Warning: Token not allowed in a PDF string (PDFDocEncoding):
(hyperref)                removing `math shift' on input line 1865.


Package hyperref Warning: Token not allowed in a PDF string (PDFDocEncoding):
(hyperref)                removing `math shift' on input line 1865.

pdfTeX warning (ext4): destination with the same identifier (name{page.2}) has 
been already used, duplicate ignored
<to be read again> 
                   \relax 
l.1867 \end{theorem}
                     [2]pdfTeX warning (ext4): destination with the same identi
fier (name{page.3}) has been already used, duplicate ignored
<to be read again> 
                   \relax 
l.1867 \end{theorem}
                     [3 <./Images/Separation-Axioms.png>] [4]pdfTeX warning (ex
t4): destination with the same identifier (name{page.1}) has been already used,
 duplicate ignored
<to be read again> 
                   \relax 
l.1916 \section{Compactness}
                             [1]pdfTeX warning (ext4): destination with the sam
e identifier (name{page.1}) has been already used, duplicate ignored
<to be read again> 
                   \relax 
l.1968 \end{definition}
                        [1]pdfTeX warning (ext4): destination with the same ide
ntifier (name{page.2}) has been already used, duplicate ignored
<to be read again> 
                   \relax 
l.2010 \item $
              ||f - \sum_{k=0}^{\infty}g_k||_{\infty, Y} \leq C_0\frac{2^{n+...
[2]pdfTeX warning (ext4): destination with the same identifier (name{page.3}) h
as been already used, duplicate ignored
<to be read again> 
                   \relax 
l.2021 \section{Connected Spaces}
                                  [3]pdfTeX warning (ext4): destination with th
e same identifier (name{page.1}) has been already used, duplicate ignored
<to be read again> 
                   \relax 
l.2067 \end{definition}
                        [1]pdfTeX warning (ext4): destination with the same ide
ntifier (name{page.2}) has been already used, duplicate ignored
<to be read again> 
                   \relax 
l.2076 \section{Connected Spaces}
                                  [2]pdfTeX warning (ext4): destination with th
e same identifier (name{page.1}) has been already used, duplicate ignored
<to be read again> 
                   \relax 
l.2096 \section{Connected Spaces}
                                  [1]pdfTeX warning (ext4): destination with th
e same identifier (name{page.1}) has been already used, duplicate ignored
<to be read again> 
                   \relax 
l.2149 \end{enumerate}
                       [1]pdfTeX warning (ext4): destination with the same iden
tifier (name{page.2}) has been already used, duplicate ignored
<to be read again> 
                   \relax 
l.2192 \section{Contraction Mapping Theorem}
                                             [2]pdfTeX warning (ext4): destinat
ion with the same identifier (name{page.1}) has been already used, duplicate ig
nored
<to be read again> 
                   \relax 
l.2236 $
        \frac{du}{dt} = F(u(t), t)$ for $0 \leq t \leq \beta$, \\ [1]pdfTeX war
ning (ext4): destination with the same identifier (name{page.2}) has been alrea
dy used, duplicate ignored
<to be read again> 
                   \relax 
l.2245 \section{Hilbert Spaces}
                                [2]pdfTeX warning (ext4): destination with the 
same identifier (name{page.1}) has been already used, duplicate ignored
<to be read again> 
                   \relax 
l.2274 \section{Hilbert Spaces}
                                [1]pdfTeX warning (ext4): destination with the 
same identifier (name{page.1}) has been already used, duplicate ignored
<to be read again> 
                   \relax 
l.2329 \end{theorem}
                     [1]
Underfull \hbox (badness 10000) in paragraph at lines 2344--2345

 []


Underfull \hbox (badness 10000) in paragraph at lines 2349--2350

 []


Underfull \hbox (badness 10000) in paragraph at lines 2354--2355

 []

pdfTeX warning (ext4): destination with the same identifier (name{page.2}) has 
been already used, duplicate ignored
<to be read again> 
                   \relax 
l.2361 \section{Hilbert Spaces}
                                [2]pdfTeX warning (ext4): destination with the 
same identifier (name{page.1}) has been already used, duplicate ignored
<to be read again> 
                   \relax 
l.2412 \item T
              he projection of any element in $M^{\perp}$ onto M is the zero...
[1]pdfTeX warning (ext4): destination with the same identifier (name{page.2}) h
as been already used, duplicate ignored
<to be read again> 
                   \relax 
l.2440 \section{Hilbert Spaces}
                                [2]pdfTeX warning (ext4): destination with the 
same identifier (name{page.1}) has been already used, duplicate ignored
<to be read again> 
                   \relax 
l.2480 \section{Hilbert Spaces}
                                [1]pdfTeX warning (ext4): destination with the 
same identifier (name{page.1}) has been already used, duplicate ignored
<to be read again> 
                   \relax 
l.2530 \end{lemma}
                   [1]
Underfull \hbox (badness 10000) in paragraph at lines 2545--2546

 []

pdfTeX warning (ext4): destination with the same identifier (name{page.2}) has 
been already used, duplicate ignored
<to be read again> 
                   \relax 
l.2574 \end{enumerate}
                       [2]pdfTeX warning (ext4): destination with the same iden
tifier (name{page.3}) has been already used, duplicate ignored
<to be read again> 
                   \relax 
l.2581 \section{Hilbert Spaces}
                                [3]pdfTeX warning (ext4): destination with the 
same identifier (name{page.1}) has been already used, duplicate ignored
<to be read again> 
                   \relax 
l.2627 \section{Banach Spaces}
                               [1]pdfTeX warning (ext4): destination with the s
ame identifier (name{page.1}) has been already used, duplicate ignored
<to be read again> 
                   \relax 
l.2674 \end{definition}
                        [1]pdfTeX warning (ext4): destination with the same ide
ntifier (name{page.2}) has been already used, duplicate ignored
<to be read again> 
                   \relax 
l.2722 \end{definition}
                        [2]pdfTeX warning (ext4): destination with the same ide
ntifier (name{page.3}) has been already used, duplicate ignored
<to be read again> 
                   \relax 
l.2736 \section{Banach Spaces}
                               [3]pdfTeX warning (ext4): destination with the s
ame identifier (name{page.1}) has been already used, duplicate ignored
<to be read again> 
                   \relax 
l.2763 \section{Banach Spaces}
                               [1]
Package atveryend Info: Empty hook `BeforeClearDocument' on input line 2782.
pdfTeX warning (ext4): destination with the same identifier (name{page.1}) has 
been already used, duplicate ignored
<to be read again> 
                   \relax 
l.2782 \end{document}
                      [1]
Package atveryend Info: Empty hook `AfterLastShipout' on input line 2782.
 (./exam-notes.aux)
Package atveryend Info: Executing hook `AtVeryEndDocument' on input line 2782.
Package atveryend Info: Executing hook `AtEndAfterFileList' on input line 2782.

Package rerunfilecheck Info: File `exam-notes.out' has not changed.
(rerunfilecheck)             Checksum: 6D6B77F53B5012865B241E26A295E2DE;5391.
Package atveryend Info: Empty hook `AtVeryVeryEnd' on input line 2782.
 ) 
Here is how much of TeX's memory you used:
 17082 strings out of 492616
 292364 string characters out of 6129481
 344778 words of memory out of 5000000
 20121 multiletter control sequences out of 15000+600000
 541866 words of font info for 60 fonts, out of 8000000 for 9000
 1141 hyphenation exceptions out of 8191
 40i,10n,63p,831b,466s stack positions out of 5000i,500n,10000p,200000b,80000s
</usr/local/texlive/2019/texmf-dist/fonts/type1/public/amsfonts/cm/cmbx10.pfb
></usr/local/texlive/2019/texmf-dist/fonts/type1/public/amsfonts/cm/cmbx12.pfb>
</usr/local/texlive/2019/texmf-dist/fonts/type1/public/amsfonts/cm/cmbx9.pfb></
usr/local/texlive/2019/texmf-dist/fonts/type1/public/amsfonts/cm/cmbxti10.pfb><
/usr/local/texlive/2019/texmf-dist/fonts/type1/public/amsfonts/cm/cmex10.pfb></
usr/local/texlive/2019/texmf-dist/fonts/type1/public/amsfonts/cm/cmmi10.pfb></u
sr/local/texlive/2019/texmf-dist/fonts/type1/public/amsfonts/cm/cmmi12.pfb></us
r/local/texlive/2019/texmf-dist/fonts/type1/public/amsfonts/cm/cmmi5.pfb></usr/
local/texlive/2019/texmf-dist/fonts/type1/public/amsfonts/cm/cmmi7.pfb></usr/lo
cal/texlive/2019/texmf-dist/fonts/type1/public/amsfonts/cm/cmr10.pfb></usr/loca
l/texlive/2019/texmf-dist/fonts/type1/public/amsfonts/cm/cmr12.pfb></usr/local/
texlive/2019/texmf-dist/fonts/type1/public/amsfonts/cm/cmr17.pfb></usr/local/te
xlive/2019/texmf-dist/fonts/type1/public/amsfonts/cm/cmr5.pfb></usr/local/texli
ve/2019/texmf-dist/fonts/type1/public/amsfonts/cm/cmr7.pfb></usr/local/texlive/
2019/texmf-dist/fonts/type1/public/amsfonts/cm/cmr8.pfb></usr/local/texlive/201
9/texmf-dist/fonts/type1/public/amsfonts/cm/cmr9.pfb></usr/local/texlive/2019/t
exmf-dist/fonts/type1/public/amsfonts/cm/cmsy10.pfb></usr/local/texlive/2019/te
xmf-dist/fonts/type1/public/amsfonts/cm/cmsy5.pfb></usr/local/texlive/2019/texm
f-dist/fonts/type1/public/amsfonts/cm/cmsy7.pfb></usr/local/texlive/2019/texmf-
dist/fonts/type1/public/amsfonts/cm/cmti10.pfb></usr/local/texlive/2019/texmf-d
ist/fonts/type1/public/amsfonts/symbols/msbm10.pfb></usr/local/texlive/2019/tex
mf-dist/fonts/type1/public/amsfonts/symbols/msbm7.pfb>
Output written on exam-notes.pdf (77 pages, 868358 bytes).
PDF statistics:
 1613 PDF objects out of 1728 (max. 8388607)
 1485 compressed objects within 15 object streams
 776 named destinations out of 1000 (max. 500000)
 613 words of extra memory for PDF output out of 10000 (max. 10000000)

