\BOOKMARK [1][-]{section.1}{Introduction to Simulation Techniques}{}% 1
\BOOKMARK [2][-]{subsection.1.1}{Why Simulations?}{section.1}% 2
\BOOKMARK [2][-]{subsection.1.2}{Numerical Integration}{section.1}% 3
\BOOKMARK [2][-]{subsection.1.3}{Monte Carlo Integration}{section.1}% 4
\BOOKMARK [2][-]{subsection.1.4}{Sampling from Distributions}{section.1}% 5
\BOOKMARK [2][-]{subsection.1.5}{Inverse CDF Method}{section.1}% 6
\BOOKMARK [2][-]{subsection.1.6}{Acceptance/Rejection Method}{section.1}% 7
\BOOKMARK [2][-]{subsection.1.7}{Applications of acceptance/rejection methods}{section.1}% 8
\BOOKMARK [1][-]{section.2}{Reducing noise in our draws}{}% 9
\BOOKMARK [2][-]{subsection.2.1}{Antithetic Acceleration}{section.2}% 10
\BOOKMARK [2][-]{subsection.2.2}{Importance Sampling}{section.2}% 11
\BOOKMARK [1][-]{section.3}{Simulating Critical Values}{}% 12
\BOOKMARK [2][-]{subsection.3.1}{Distributions}{section.3}% 13
\BOOKMARK [2][-]{subsection.3.2}{Hypothesis Testing}{section.3}% 14
\BOOKMARK [2][-]{subsection.3.3}{Simulation studies}{section.3}% 15
\BOOKMARK [1][-]{section.4}{The Bootstrap}{}% 16
\BOOKMARK [2][-]{subsection.4.1}{Bootstrapping}{section.4}% 17
\BOOKMARK [2][-]{subsection.4.2}{Parametric Bootstrap}{section.4}% 18
\BOOKMARK [2][-]{subsection.4.3}{Non-parametric Bootstrap}{section.4}% 19
\BOOKMARK [2][-]{subsection.4.4}{Asymptotic Refinements}{section.4}% 20
\BOOKMARK [1][-]{section.5}{Applications of Bootstrap}{}% 21
\BOOKMARK [2][-]{subsection.5.1}{Boostrapping T-Test}{section.5}% 22
\BOOKMARK [2][-]{subsection.5.2}{Regression Models}{section.5}% 23
\BOOKMARK [2][-]{subsection.5.3}{Time Series}{section.5}% 24
\BOOKMARK [2][-]{subsection.5.4}{Summary}{section.5}% 25
\BOOKMARK [1][-]{section.6}{Subsampling}{}% 26
\BOOKMARK [2][-]{subsection.6.1}{Subsampling}{section.6}% 27
\BOOKMARK [2][-]{subsection.6.2}{Randomisation Test}{section.6}% 28
\BOOKMARK [2][-]{subsection.6.3}{Conclusion of Testing}{section.6}% 29
\BOOKMARK [1][-]{section.7}{Simulated Maximum Likelihood}{}% 30
\BOOKMARK [2][-]{subsection.7.1}{Simulated Maximum Likelihood}{section.7}% 31
\BOOKMARK [2][-]{subsection.7.2}{Newton-Raphson Algorithm}{section.7}% 32
\BOOKMARK [2][-]{subsection.7.3}{Intractible Likelihoods}{section.7}% 33
\BOOKMARK [1][-]{section.8}{Simulated Method of Moments}{}% 34
\BOOKMARK [2][-]{subsection.8.1}{Method of Moments Introduction}{section.8}% 35
\BOOKMARK [2][-]{subsection.8.2}{Method of Moments}{section.8}% 36
\BOOKMARK [2][-]{subsection.8.3}{Generalised Method of Moments}{section.8}% 37
\BOOKMARK [2][-]{subsection.8.4}{Simulated Method of Moments}{section.8}% 38
\BOOKMARK [2][-]{subsection.8.5}{SML vs MSM}{section.8}% 39
\BOOKMARK [2][-]{subsection.8.6}{Method Of Simulated Scores}{section.8}% 40
\BOOKMARK [1][-]{section.9}{Nonparametric Regressions}{}% 41
\BOOKMARK [2][-]{subsection.9.1}{Introduction}{section.9}% 42
\BOOKMARK [2][-]{subsection.9.2}{Estimating Densities}{section.9}% 43
\BOOKMARK [2][-]{subsection.9.3}{Kernel Densities}{section.9}% 44
\BOOKMARK [2][-]{subsection.9.4}{Bandwidth Selection}{section.9}% 45
\BOOKMARK [3][-]{subsubsection.9.4.1}{Rule of thumb technique}{subsection.9.4}% 46
\BOOKMARK [3][-]{subsubsection.9.4.2}{Cross-Validation}{subsection.9.4}% 47
\BOOKMARK [2][-]{subsection.9.5}{Multivariate Density}{section.9}% 48
\BOOKMARK [2][-]{subsection.9.6}{Nonparametric Regressions}{section.9}% 49
\BOOKMARK [3][-]{subsubsection.9.6.1}{Extensions to NW Regression}{subsection.9.6}% 50
\BOOKMARK [2][-]{subsection.9.7}{Semiparametric Regressions}{section.9}% 51
\BOOKMARK [3][-]{subsubsection.9.7.1}{Introduction}{subsection.9.7}% 52
\BOOKMARK [3][-]{subsubsection.9.7.2}{Significance Testing}{subsection.9.7}% 53
\BOOKMARK [1][-]{section.10}{Bayesian Econometrics}{}% 54
\BOOKMARK [2][-]{subsection.10.1}{Introduction}{section.10}% 55
